#
# There is insufficient memory for the Java Runtime Environment to continue.
# Native memory allocation (mmap) failed to map 264241152 bytes for G1 virtual space
# Possible reasons:
#   The system is out of physical RAM or swap space
#   The process is running with CompressedOops enabled, and the Java Heap may be blocking the growth of the native heap
# Possible solutions:
#   Reduce memory load on the system
#   Increase physical memory or swap space
#   Check if swap backing store is full
#   Decrease Java heap size (-Xmx/-Xms)
#   Decrease number of Java threads
#   Decrease Java thread stack sizes (-Xss)
#   Set larger code cache with -XX:ReservedCodeCacheSize=
#   JVM is running with Zero Based Compressed Oops mode in which the Java heap is
#     placed in the first 32GB address space. The Java Heap base address is the
#     maximum limit for the native heap growth. Please use -XX:HeapBaseMinAddress
#     to set the Java Heap base and to place the Java Heap above 32GB virtual address.
# This output file may be truncated or incomplete.
#
#  Out of Memory Error (os_windows.cpp:3559), pid=24288, tid=9404
#
# JRE version:  (17.0.7+7) (build )
# Java VM: OpenJDK 64-Bit Server VM (17.0.7+7, mixed mode, sharing, tiered, compressed oops, compressed class ptrs, g1 gc, windows-amd64)
# No core dump will be written. Minidumps are not enabled by default on client versions of Windows
#

---------------  S U M M A R Y ------------

Command Line: -Dfile.encoding=UTF-8 -XX:+ShowCodeDetailsInExceptionMessages com.scenarios.TC008_VerifyTheEmployeeAbleToViewTheSalarySlip

Host: 11th Gen Intel(R) Core(TM) i5-1135G7 @ 2.40GHz, 8 cores, 15G,  Windows 11 , 64 bit Build 22621 (10.0.22621.5415)
Time: Fri Jul 11 14:28:25 2025 India Standard Time elapsed time: 0.048550 seconds (0d 0h 0m 0s)

---------------  T H R E A D  ---------------

Current thread (0x000001ccab029040):  JavaThread "Unknown thread" [_thread_in_vm, id=9404, stack(0x00000036bd000000,0x00000036bd100000)]

Stack: [0x00000036bd000000,0x00000036bd100000]
Native frames: (J=compiled Java code, j=interpreted, Vv=VM code, C=native code)
V  [jvm.dll+0x67754a]
V  [jvm.dll+0x834304]
V  [jvm.dll+0x835aae]
V  [jvm.dll+0x836113]
V  [jvm.dll+0x24696f]
V  [jvm.dll+0x6743f9]
V  [jvm.dll+0x668c8a]
V  [jvm.dll+0x3061bb]
V  [jvm.dll+0x30d6a6]
V  [jvm.dll+0x35cece]
V  [jvm.dll+0x35d0ff]
V  [jvm.dll+0x2dd048]
V  [jvm.dll+0x2ddfb4]
V  [jvm.dll+0x8066d1]
V  [jvm.dll+0x36ac91]
V  [jvm.dll+0x7e5cec]
V  [jvm.dll+0x3ed56f]
V  [jvm.dll+0x3ef0a1]
C  [jli.dll+0x528b]
C  [ucrtbase.dll+0x29333]
C  [KERNEL32.DLL+0x1259d]
C  [ntdll.dll+0x5af78]


---------------  P R O C E S S  ---------------

Threads class SMR info:
_java_thread_list=0x00007ffee3807018, length=0, elements={
}

Java Threads: ( => current thread )

Other Threads:
  0x000001ccab099290 GCTaskThread "GC Thread#0" [stack: 0x00000036bd100000,0x00000036bd200000] [id=22584]
  0x000001ccab0a9bf0 ConcurrentGCThread "G1 Main Marker" [stack: 0x00000036bd200000,0x00000036bd300000] [id=25660]
  0x000001ccab0aacb0 ConcurrentGCThread "G1 Conc#0" [stack: 0x00000036bd300000,0x00000036bd400000] [id=2856]

[error occurred during error reporting (printing all threads), id 0xc0000005, EXCEPTION_ACCESS_VIOLATION (0xc0000005) at pc=0x00007ffee2fddaf7]

VM state: not at safepoint (not fully initialized)

VM Mutex/Monitor currently owned by a thread:  ([mutex/lock_event])
[0x000001ccab0253d0] Heap_lock - owner thread: 0x000001ccab029040

Heap address: 0x0000000704e00000, size: 4018 MB, Compressed Oops mode: Zero based, Oop shift amount: 3

CDS archive(s) mapped at: [0x0000000000000000-0x0000000000000000-0x0000000000000000), size 0, SharedBaseAddress: 0x0000000800000000, ArchiveRelocationMode: 0.
Narrow klass base: 0x0000000000000000, Narrow klass shift: 0, Narrow klass range: 0x0

GC Precious Log:
<Empty>

Heap:
 garbage-first heap   total 0K, used 0K [0x0000000704e00000, 0x0000000800000000)
  region size 2048K, 0 young (0K), 0 survivors (0K)

[error occurred during error reporting (printing heap information), id 0xc0000005, EXCEPTION_ACCESS_VIOLATION (0xc0000005) at pc=0x00007ffee33c0db9]

GC Heap History (0 events):
No events

Dll operation events (1 events):
Event: 0.020 Loaded shared library C:\Users\1000071558\Desktop\eclipse-java-2023-06-R-win32-x86_64\eclipse\plugins\org.eclipse.justj.openjdk.hotspot.jre.full.win32.x86_64_17.0.7.v20230425-1502\jre\bin\java.dll

Deoptimization events (0 events):
No events

Classes unloaded (0 events):
No events

Classes redefined (0 events):
No events

Internal exceptions (0 events):
No events

VM Operations (0 events):
No events

Events (0 events):
No events


Dynamic libraries:
0x00007ff7b88f0000 - 0x00007ff7b88fe000 	C:\Users\1000071558\Desktop\eclipse-java-2023-06-R-win32-x86_64\eclipse\plugins\org.eclipse.justj.openjdk.hotspot.jre.full.win32.x86_64_17.0.7.v20230425-1502\jre\bin\javaw.exe
0x00007fff4cd70000 - 0x00007fff4cf87000 	C:\WINDOWS\SYSTEM32\ntdll.dll
0x00007fff4b1b0000 - 0x00007fff4b274000 	C:\WINDOWS\System32\KERNEL32.DLL
0x00007fff4a280000 - 0x00007fff4a652000 	C:\WINDOWS\System32\KERNELBASE.dll
0x00007fff4a730000 - 0x00007fff4a841000 	C:\WINDOWS\System32\ucrtbase.dll
0x00007fff28500000 - 0x00007fff28519000 	C:\Users\1000071558\Desktop\eclipse-java-2023-06-R-win32-x86_64\eclipse\plugins\org.eclipse.justj.openjdk.hotspot.jre.full.win32.x86_64_17.0.7.v20230425-1502\jre\bin\VCRUNTIME140.dll
0x00007fff25f60000 - 0x00007fff25f77000 	C:\Users\1000071558\Desktop\eclipse-java-2023-06-R-win32-x86_64\eclipse\plugins\org.eclipse.justj.openjdk.hotspot.jre.full.win32.x86_64_17.0.7.v20230425-1502\jre\bin\jli.dll
0x00007fff4bfe0000 - 0x00007fff4c191000 	C:\WINDOWS\System32\USER32.dll
0x00007fff4a660000 - 0x00007fff4a686000 	C:\WINDOWS\System32\win32u.dll
0x00007fff2e330000 - 0x00007fff2e5cb000 	C:\WINDOWS\WinSxS\amd64_microsoft.windows.common-controls_6595b64144ccf1df_6.0.22621.5415_none_270d77d17387d7da\COMCTL32.dll
0x00007fff4b180000 - 0x00007fff4b1a9000 	C:\WINDOWS\System32\GDI32.dll
0x00007fff4c330000 - 0x00007fff4c3d7000 	C:\WINDOWS\System32\msvcrt.dll
0x00007fff4a850000 - 0x00007fff4a973000 	C:\WINDOWS\System32\gdi32full.dll
0x00007fff4a690000 - 0x00007fff4a72a000 	C:\WINDOWS\System32\msvcp_win.dll
0x00007fff4c860000 - 0x00007fff4c891000 	C:\WINDOWS\System32\IMM32.DLL
0x000001ccaafb0000 - 0x000001ccaafc6000 	C:\WINDOWS\System32\umppc19706.dll
0x00007fff2ac40000 - 0x00007fff2ac4c000 	C:\Users\1000071558\Desktop\eclipse-java-2023-06-R-win32-x86_64\eclipse\plugins\org.eclipse.justj.openjdk.hotspot.jre.full.win32.x86_64_17.0.7.v20230425-1502\jre\bin\vcruntime140_1.dll
0x00007fff1f160000 - 0x00007fff1f1f1000 	C:\Users\1000071558\Desktop\eclipse-java-2023-06-R-win32-x86_64\eclipse\plugins\org.eclipse.justj.openjdk.hotspot.jre.full.win32.x86_64_17.0.7.v20230425-1502\jre\bin\msvcp140.dll
0x00007ffee2cf0000 - 0x00007ffee3938000 	C:\Users\1000071558\Desktop\eclipse-java-2023-06-R-win32-x86_64\eclipse\plugins\org.eclipse.justj.openjdk.hotspot.jre.full.win32.x86_64_17.0.7.v20230425-1502\jre\bin\server\jvm.dll
0x00007fff4cba0000 - 0x00007fff4cc51000 	C:\WINDOWS\System32\ADVAPI32.dll
0x00007fff4c9c0000 - 0x00007fff4ca68000 	C:\WINDOWS\System32\sechost.dll
0x00007fff4a250000 - 0x00007fff4a278000 	C:\WINDOWS\System32\bcrypt.dll
0x00007fff4c8a0000 - 0x00007fff4c9b4000 	C:\WINDOWS\System32\RPCRT4.dll
0x00007fff29db0000 - 0x00007fff29db9000 	C:\WINDOWS\SYSTEM32\WSOCK32.dll
0x00007fff4c590000 - 0x00007fff4c601000 	C:\WINDOWS\System32\WS2_32.dll
0x00007fff3e350000 - 0x00007fff3e384000 	C:\WINDOWS\SYSTEM32\WINMM.dll
0x00007fff40400000 - 0x00007fff4040a000 	C:\WINDOWS\SYSTEM32\VERSION.dll
0x00007fff48d70000 - 0x00007fff48d88000 	C:\WINDOWS\SYSTEM32\kernel.appcore.dll
0x00007fff42160000 - 0x00007fff4216a000 	C:\Users\1000071558\Desktop\eclipse-java-2023-06-R-win32-x86_64\eclipse\plugins\org.eclipse.justj.openjdk.hotspot.jre.full.win32.x86_64_17.0.7.v20230425-1502\jre\bin\jimage.dll
0x00007fff477d0000 - 0x00007fff47a03000 	C:\WINDOWS\SYSTEM32\DBGHELP.DLL
0x00007fff4bc40000 - 0x00007fff4bfd3000 	C:\WINDOWS\System32\combase.dll
0x00007fff4cac0000 - 0x00007fff4cb97000 	C:\WINDOWS\System32\OLEAUT32.dll
0x00007fff2e2f0000 - 0x00007fff2e322000 	C:\WINDOWS\SYSTEM32\dbgcore.DLL
0x00007fff4a980000 - 0x00007fff4a9fb000 	C:\WINDOWS\System32\bcryptPrimitives.dll
0x00007fff28720000 - 0x00007fff28745000 	C:\Users\1000071558\Desktop\eclipse-java-2023-06-R-win32-x86_64\eclipse\plugins\org.eclipse.justj.openjdk.hotspot.jre.full.win32.x86_64_17.0.7.v20230425-1502\jre\bin\java.dll

dbghelp: loaded successfully - version: 4.0.5 - missing functions: none
symbol engine: initialized successfully - sym options: 0x614 - pdb path: .;C:\Users\1000071558\Desktop\eclipse-java-2023-06-R-win32-x86_64\eclipse\plugins\org.eclipse.justj.openjdk.hotspot.jre.full.win32.x86_64_17.0.7.v20230425-1502\jre\bin;C:\WINDOWS\SYSTEM32;C:\WINDOWS\WinSxS\amd64_microsoft.windows.common-controls_6595b64144ccf1df_6.0.22621.5415_none_270d77d17387d7da;C:\Users\1000071558\Desktop\eclipse-java-2023-06-R-win32-x86_64\eclipse\plugins\org.eclipse.justj.openjdk.hotspot.jre.full.win32.x86_64_17.0.7.v20230425-1502\jre\bin\server

VM Arguments:
jvm_args: -Dfile.encoding=UTF-8 -XX:+ShowCodeDetailsInExceptionMessages 
java_command: com.scenarios.TC008_VerifyTheEmployeeAbleToViewTheSalarySlip
java_class_path (initial): C:\Users\1000071558\eclipse-workspace2\Framework\FrameWorkScenarios\target\test-classes;C:\Users\1000071558\eclipse-workspace2\Framework\FrameWorkScenarios\target\classes;C:\Users\1000071558\.m2\repository\junit\junit\3.8.1\junit-3.8.1.jar;C:\Users\1000071558\.m2\repository\org\apache\maven\plugins\maven-compiler-plugin\3.8.0\maven-compiler-plugin-3.8.0.jar;C:\Users\1000071558\.m2\repository\org\apache\maven\maven-plugin-api\3.0\maven-plugin-api-3.0.jar;C:\Users\1000071558\.m2\repository\org\apache\maven\maven-model\3.0\maven-model-3.0.jar;C:\Users\1000071558\.m2\repository\org\sonatype\sisu\sisu-inject-plexus\1.4.2\sisu-inject-plexus-1.4.2.jar;C:\Users\1000071558\.m2\repository\org\sonatype\sisu\sisu-inject-bean\1.4.2\sisu-inject-bean-1.4.2.jar;C:\Users\1000071558\.m2\repository\org\sonatype\sisu\sisu-guice\2.1.7\sisu-guice-2.1.7-noaop.jar;C:\Users\1000071558\.m2\repository\org\apache\maven\maven-artifact\3.0\maven-artifact-3.0.jar;C:\Users\1000071558\.m2\repository\org\apache\maven\maven-core\3.0\maven-core-3.0.jar;C:\Users\1000071558\.m2\repository\org\apache\maven\maven-settings\3.0\maven-settings-3.0.jar;C:\Users\1000071558\.m2\repository\org\apache\maven\maven-settings-builder\3.0\maven-settings-builder-3.0.jar;C:\Users\1000071558\.m2\repository\org\apache\maven\maven-repository-metadata\3.0\maven-repository-metadata-3.0.jar;C:\Users\1000071558\.m2\repository\org\apache\maven\maven-model-builder\3.0\maven-model-builder-3.0.jar;C:\Users\1000071558\.m2\repository\org\apache\maven\maven-aether-provider\3.0\maven-aether-provider-3.0.jar;C:\Users\1000071558\.m2\repository\org\sonatype\aether\aether-impl\1.7\aether-impl-1.7.jar;C:\Users\1000071558\.m2\repository\org\sonatype\aether\aether-spi\1.7\aether-spi-1.7.jar;C:\Users\1000071558\.m2\repository\org\sonatype\aether\aether-api\1.7\aether-api-1.7.jar;C:\Users\1000071558\.m2\repository\org\sonatype\aether\aether-util\1.7\aether-util-1.7.jar;C:\Users\1000071558\.m2\repository\org\codehau
Launcher Type: SUN_STANDARD

[Global flags]
     intx CICompilerCount                          = 4                                         {product} {ergonomic}
     uint ConcGCThreads                            = 2                                         {product} {ergonomic}
     uint G1ConcRefinementThreads                  = 8                                         {product} {ergonomic}
   size_t G1HeapRegionSize                         = 2097152                                   {product} {ergonomic}
    uintx GCDrainStackTargetSize                   = 64                                        {product} {ergonomic}
   size_t InitialHeapSize                          = 264241152                                 {product} {ergonomic}
   size_t MarkStackSize                            = 4194304                                   {product} {ergonomic}
   size_t MaxHeapSize                              = 4213178368                                {product} {ergonomic}
   size_t MinHeapDeltaBytes                        = 2097152                                   {product} {ergonomic}
   size_t MinHeapSize                              = 8388608                                   {product} {ergonomic}
    uintx NonNMethodCodeHeapSize                   = 5839372                                {pd product} {ergonomic}
    uintx NonProfiledCodeHeapSize                  = 122909434                              {pd product} {ergonomic}
    uintx ProfiledCodeHeapSize                     = 122909434                              {pd product} {ergonomic}
    uintx ReservedCodeCacheSize                    = 251658240                              {pd product} {ergonomic}
     bool SegmentedCodeCache                       = true                                      {product} {ergonomic}
     bool ShowCodeDetailsInExceptionMessages       = true                                   {manageable} {command line}
   size_t SoftMaxHeapSize                          = 4213178368                             {manageable} {ergonomic}
     bool UseCompressedClassPointers               = true                           {product lp64_product} {ergonomic}
     bool UseCompressedOops                        = true                           {product lp64_product} {ergonomic}
     bool UseG1GC                                  = true                                      {product} {ergonomic}
     bool UseLargePagesIndividualAllocation        = false                                  {pd product} {ergonomic}

Logging:
Log output configuration:
 #0: stdout all=warning uptime,level,tags
 #1: stderr all=off uptime,level,tags

Environment Variables:
JAVA_HOME=D:\openlogic-openjdk-8u362-b09-windows-x32\openlogic-openjdk-8u362-b09-windows-32
PATH=C:/Users/1000071558/Desktop/eclipse-java-2023-06-R-win32-x86_64/eclipse//plugins/org.eclipse.justj.openjdk.hotspot.jre.full.win32.x86_64_17.0.7.v20230425-1502/jre/bin/server;C:/Users/1000071558/Desktop/eclipse-java-2023-06-R-win32-x86_64/eclipse//plugins/org.eclipse.justj.openjdk.hotspot.jre.full.win32.x86_64_17.0.7.v20230425-1502/jre/bin;C:\Program Files\openlogic-openjdk-8u362-b09-windows-32\bin;C:\Program Files\Java\openlogic-openjdk-8u362-b09-windows-x32\openlogic-openjdk-8u362-b09-windows-32\bin;C:\WINDOWS\system32;C:\WINDOWS;C:\WINDOWS\System32\Wbem;C:\WINDOWS\System32\WindowsPowerShell\v1.0\;C:\WINDOWS\System32\OpenSSH\;C:\Program Files\Microsoft VS Code\bin;C:\Users\1000071558\AppData\Local\Microsoft\WindowsApps;C:\Users\1000071558\Desktop\eclipse-java-2023-06-R-win32-x86_64\eclipse;D:\openlogic-openjdk-8u362-b09-windows-x32\openlogic-openjdk-8u362-b09-windows-32\bin;;C:\Users\1000071558\Desktop\eclipse-java-2023-06-R-win32-x86_64\eclipse;
USERNAME=1000071558
OS=Windows_NT
PROCESSOR_IDENTIFIER=Intel64 Family 6 Model 140 Stepping 1, GenuineIntel
TMP=C:\Users\100007~1\AppData\Local\Temp
TEMP=C:\Users\100007~1\AppData\Local\Temp



---------------  S Y S T E M  ---------------

OS:
 Windows 11 , 64 bit Build 22621 (10.0.22621.5415)
OS uptime: 1 days 4:07 hours
Hyper-V role detected

CPU: total 8 (initial active 8) (4 cores per cpu, 2 threads per core) family 6 model 140 stepping 1 microcode 0xb6, cx8, cmov, fxsr, ht, mmx, 3dnowpref, sse, sse2, sse3, ssse3, sse4.1, sse4.2, popcnt, lzcnt, tsc, tscinvbit, avx, avx2, aes, erms, clmul, bmi1, bmi2, adx, avx512f, avx512dq, avx512cd, avx512bw, avx512vl, sha, fma, vzeroupper, avx512_vpopcntdq, avx512_vpclmulqdq, avx512_vaes, avx512_vnni, clflush, clflushopt, clwb, avx512_vbmi2, avx512_vbmi, hv

Memory: 4k page, system-wide physical 16064M (3035M free)
TotalPageFile size 18968M (AvailPageFile size 194M)
current process WorkingSet (physical memory assigned to process): 11M, peak: 11M
current process commit charge ("private bytes"): 60M, peak: 312M

vm_info: OpenJDK 64-Bit Server VM (17.0.7+7) for windows-amd64 JRE (17.0.7+7), built on Apr 18 2023 22:10:42 by "temurin" with MS VC++ 16.7 (VS2019)

END.
