#
# There is insufficient memory for the Java Runtime Environment to continue.
# Native memory allocation (malloc) failed to allocate 32744 bytes for ChunkPool::allocate
# Possible reasons:
#   The system is out of physical RAM or swap space
#   The process is running with CompressedOops enabled, and the Java Heap may be blocking the growth of the native heap
# Possible solutions:
#   Reduce memory load on the system
#   Increase physical memory or swap space
#   Check if swap backing store is full
#   Decrease Java heap size (-Xmx/-Xms)
#   Decrease number of Java threads
#   Decrease Java thread stack sizes (-Xss)
#   Set larger code cache with -XX:ReservedCodeCacheSize=
#   JVM is running with Zero Based Compressed Oops mode in which the Java heap is
#     placed in the first 32GB address space. The Java Heap base address is the
#     maximum limit for the native heap growth. Please use -XX:HeapBaseMinAddress
#     to set the Java Heap base and to place the Java Heap above 32GB virtual address.
# This output file may be truncated or incomplete.
#
#  Out of Memory Error (arena.cpp:78), pid=24324, tid=25656
#
# JRE version: OpenJDK Runtime Environment Temurin-17.0.7+7 (17.0.7+7) (build 17.0.7+7)
# Java VM: OpenJDK 64-Bit Server VM Temurin-17.0.7+7 (17.0.7+7, mixed mode, tiered, compressed oops, compressed class ptrs, g1 gc, windows-amd64)
# No core dump will be written. Minidumps are not enabled by default on client versions of Windows
#

---------------  S U M M A R Y ------------

Command Line: -javaagent:C:\Users\1000071558\Desktop\eclipse-java-2023-06-R-win32-x86_64\eclipse\configuration\org.eclipse.osgi\472\0\.cp\jacocoagent.jar=includes=*,excludes=,exclclassloader=sun.reflect.DelegatingClassLoader,output=tcpclient,port=64892 -Dfile.encoding=UTF-8 -XX:+ShowCodeDetailsInExceptionMessages com.scenarios.TestCase001_E2E_LoginToStationH

Host: 11th Gen Intel(R) Core(TM) i5-1135G7 @ 2.40GHz, 8 cores, 15G,  Windows 11 , 64 bit Build 22621 (10.0.22621.5415)
Time: Thu Jul  3 14:59:27 2025 India Standard Time elapsed time: 1.478323 seconds (0d 0h 0m 1s)

---------------  T H R E A D  ---------------

Current thread (0x00000158e1c66510):  JavaThread "C2 CompilerThread2" daemon [_thread_in_native, id=25656, stack(0x00000037a8a00000,0x00000037a8b00000)]


Current CompileTask:
C2:   1478 1711 %     4      
[error occurred during error reporting (printing current compile task), id 0xe0000001, Out of Memory Error (s\src\hotspot\share\memory\arena.cpp:78)]

Stack: [0x00000037a8a00000,0x00000037a8b00000]
Native frames: (J=compiled Java code, j=interpreted, Vv=VM code, C=native code)
V  [jvm.dll+0x67754a]
V  [jvm.dll+0x834304]
V  [jvm.dll+0x835aae]
V  [jvm.dll+0x836113]
V  [jvm.dll+0x24696f]
V  [jvm.dll+0xac2cc]
V  [jvm.dll+0xac67c]
V  [jvm.dll+0x7a25cc]
V  [jvm.dll+0x7a26b9]
V  [jvm.dll+0x62b2c9]
V  [jvm.dll+0x22cea6]
V  [jvm.dll+0x22d427]
V  [jvm.dll+0x83419a]
V  [jvm.dll+0x835aae]
V  [jvm.dll+0x836113]
V  [jvm.dll+0x24696f]
V  [jvm.dll+0xac2cc]
V  [jvm.dll+0xac67c]
V  [jvm.dll+0x36a0c2]
V  [jvm.dll+0x561ab6]
V  [jvm.dll+0x32f6e0]
V  [jvm.dll+0x32eb5a]
V  [jvm.dll+0x219641]
V  [jvm.dll+0x218a61]
V  [jvm.dll+0x1a4d8d]
V  [jvm.dll+0x2284da]
V  [jvm.dll+0x226615]
V  [jvm.dll+0x7ea90b]
V  [jvm.dll+0x7e4e7a]
V  [jvm.dll+0x676395]
C  [ucrtbase.dll+0x29333]
C  [KERNEL32.DLL+0x1259d]
C  [ntdll.dll+0x5af78]


---------------  P R O C E S S  ---------------

Threads class SMR info:
_java_thread_list=0x00000158e1633850, length=15, elements={
0x00000158bdef82d0, 0x00000158dc8e1e90, 0x00000158dc8e2a40, 0x00000158dc9254c0,
0x00000158dc926070, 0x00000158dc928e30, 0x00000158dc92ecf0, 0x00000158dc92fa80,
0x00000158dc939540, 0x00000158dc953600, 0x00000158dc869dc0, 0x00000158e11ddc80,
0x00000158e1757260, 0x00000158e1516d90, 0x00000158e1c66510
}

Java Threads: ( => current thread )
  0x00000158bdef82d0 JavaThread "main" [_thread_in_vm, id=16048, stack(0x00000037a7500000,0x00000037a7600000)]
  0x00000158dc8e1e90 JavaThread "Reference Handler" daemon [_thread_blocked, id=11600, stack(0x00000037a7c00000,0x00000037a7d00000)]
  0x00000158dc8e2a40 JavaThread "Finalizer" daemon [_thread_blocked, id=20628, stack(0x00000037a7d00000,0x00000037a7e00000)]
  0x00000158dc9254c0 JavaThread "Signal Dispatcher" daemon [_thread_blocked, id=6304, stack(0x00000037a7e00000,0x00000037a7f00000)]
  0x00000158dc926070 JavaThread "Attach Listener" daemon [_thread_blocked, id=29652, stack(0x00000037a7f00000,0x00000037a8000000)]
  0x00000158dc928e30 JavaThread "Service Thread" daemon [_thread_blocked, id=21420, stack(0x00000037a8000000,0x00000037a8100000)]
  0x00000158dc92ecf0 JavaThread "Monitor Deflation Thread" daemon [_thread_blocked, id=7824, stack(0x00000037a8100000,0x00000037a8200000)]
  0x00000158dc92fa80 JavaThread "C2 CompilerThread0" daemon [_thread_in_native, id=9700, stack(0x00000037a8200000,0x00000037a8300000)]
  0x00000158dc939540 JavaThread "C1 CompilerThread0" daemon [_thread_blocked, id=28784, stack(0x00000037a8300000,0x00000037a8400000)]
  0x00000158dc953600 JavaThread "Sweeper thread" daemon [_thread_blocked, id=13820, stack(0x00000037a8400000,0x00000037a8500000)]
  0x00000158dc869dc0 JavaThread "Common-Cleaner" daemon [_thread_blocked, id=19232, stack(0x00000037a8500000,0x00000037a8600000)]
  0x00000158e11ddc80 JavaThread "org.jacoco.agent.rt.internal_4a7f17c.output.TcpClientOutput" daemon [_thread_in_native, id=19884, stack(0x00000037a8600000,0x00000037a8700000)]
  0x00000158e1757260 JavaThread "C2 CompilerThread1" daemon [_thread_in_native, id=7984, stack(0x00000037a8700000,0x00000037a8800000)]
  0x00000158e1516d90 JavaThread "Notification Thread" daemon [_thread_blocked, id=27920, stack(0x00000037a8800000,0x00000037a8900000)]
=>0x00000158e1c66510 JavaThread "C2 CompilerThread2" daemon [_thread_in_native, id=25656, stack(0x00000037a8a00000,0x00000037a8b00000)]

Other Threads:
  0x00000158dc87ed00 VMThread "VM Thread" [stack: 0x00000037a7b00000,0x00000037a7c00000] [id=12000]
  0x00000158e1517260 WatcherThread [stack: 0x00000037a8900000,0x00000037a8a00000] [id=5976]
  0x00000158bdf67650 GCTaskThread "GC Thread#0" [stack: 0x00000037a7600000,0x00000037a7700000] [id=7108]
  0x00000158e1c2d0b0 GCTaskThread "GC Thread#1" [stack: 0x00000037a8b00000,0x00000037a8c00000] [id=19808]
  0x00000158e1fc48d0 GCTaskThread "GC Thread#2" [stack: 0x00000037a8c00000,0x00000037a8d00000] [id=16932]
  0x00000158e1fc4b80 GCTaskThread "GC Thread#3" [stack: 0x00000037a8d00000,0x00000037a8e00000] [id=26408]
  0x00000158e1c65b90 GCTaskThread "GC Thread#4" [stack: 0x00000037a8e00000,0x00000037a8f00000] [id=27240]
  0x00000158e1c65e40 GCTaskThread "GC Thread#5" [stack: 0x00000037a8f00000,0x00000037a9000000] [id=28952]
  0x00000158e2f22150 GCTaskThread "GC Thread#6" [stack: 0x00000037a9000000,0x00000037a9100000] [id=26172]
  0x00000158e2f20920 GCTaskThread "GC Thread#7" [stack: 0x00000037a9100000,0x00000037a9200000] [id=25868]
  0x00000158bdf780a0 ConcurrentGCThread "G1 Main Marker" [stack: 0x00000037a7700000,0x00000037a7800000] [id=26216]
  0x00000158bdf78ab0 ConcurrentGCThread "G1 Conc#0" [stack: 0x00000037a7800000,0x00000037a7900000] [id=8788]
  0x00000158dc72eef0 ConcurrentGCThread "G1 Refine#0" [stack: 0x00000037a7900000,0x00000037a7a00000] [id=23024]
  0x00000158dc72f910 ConcurrentGCThread "G1 Service" [stack: 0x00000037a7a00000,0x00000037a7b00000] [id=13956]

Threads with active compile tasks:
C2 CompilerThread0     1498 1504       4       org.jacoco.agent.rt.internal_4a7f17c.asm.ClassReader::readMethod (1066 bytes)
C2 CompilerThread1     1498 1771 %     4       org.jacoco.agent.rt.internal_4a7f17c.asm.SymbolTable::<init> @ 98 (536 bytes)
C2 CompilerThread2     1498 1711 %     4       org.jacoco.agent.rt.internal_4a7f17c.asm.ClassReader::readCode @ 92 (5117 bytes)

VM state: not at safepoint (normal execution)

VM Mutex/Monitor currently owned by a thread: None

Heap address: 0x0000000704e00000, size: 4018 MB, Compressed Oops mode: Zero based, Oop shift amount: 3

CDS archive(s) not mapped
Compressed class space mapped at: 0x0000000800000000-0x0000000840000000, reserved size: 1073741824
Narrow klass base: 0x0000000800000000, Narrow klass shift: 0, Narrow klass range: 0x40000000

GC Precious Log:
 CPUs: 8 total, 8 available
 Memory: 16064M
 Large Page Support: Disabled
 NUMA Support: Disabled
 Compressed Oops: Enabled (Zero based)
 Heap Region Size: 2M
 Heap Min Capacity: 8M
 Heap Initial Capacity: 252M
 Heap Max Capacity: 4018M
 Pre-touch: Disabled
 Parallel Workers: 8
 Concurrent Workers: 2
 Concurrent Refinement Workers: 8
 Periodic GC: Disabled

Heap:
 garbage-first heap   total 258048K, used 48300K [0x0000000704e00000, 0x0000000800000000)
  region size 2048K, 22 young (45056K), 1 survivors (2048K)
 Metaspace       used 17900K, committed 18112K, reserved 1114112K
  class space    used 1714K, committed 1792K, reserved 1048576K

Heap Regions: E=young(eden), S=young(survivor), O=old, HS=humongous(starts), HC=humongous(continues), CS=collection set, F=free, OA=open archive, CA=closed archive, TAMS=top-at-mark-start (previous, next)
|   0|0x0000000704e00000, 0x0000000705000000, 0x0000000705000000|100%| O|  |TAMS 0x0000000704e00000, 0x0000000704e00000| Untracked 
|   1|0x0000000705000000, 0x0000000705200000, 0x0000000705200000|100%| O|  |TAMS 0x0000000705000000, 0x0000000705000000| Untracked 
|   2|0x0000000705200000, 0x000000070538b600, 0x0000000705400000| 77%| O|  |TAMS 0x0000000705200000, 0x0000000705200000| Untracked 
|   3|0x0000000705400000, 0x0000000705400000, 0x0000000705600000|  0%| F|  |TAMS 0x0000000705400000, 0x0000000705400000| Untracked 
|   4|0x0000000705600000, 0x0000000705600000, 0x0000000705800000|  0%| F|  |TAMS 0x0000000705600000, 0x0000000705600000| Untracked 
|   5|0x0000000705800000, 0x0000000705800000, 0x0000000705a00000|  0%| F|  |TAMS 0x0000000705800000, 0x0000000705800000| Untracked 
|   6|0x0000000705a00000, 0x0000000705a00000, 0x0000000705c00000|  0%| F|  |TAMS 0x0000000705a00000, 0x0000000705a00000| Untracked 
|   7|0x0000000705c00000, 0x0000000705c00000, 0x0000000705e00000|  0%| F|  |TAMS 0x0000000705c00000, 0x0000000705c00000| Untracked 
|   8|0x0000000705e00000, 0x0000000705e00000, 0x0000000706000000|  0%| F|  |TAMS 0x0000000705e00000, 0x0000000705e00000| Untracked 
|   9|0x0000000706000000, 0x0000000706000000, 0x0000000706200000|  0%| F|  |TAMS 0x0000000706000000, 0x0000000706000000| Untracked 
|  10|0x0000000706200000, 0x0000000706200000, 0x0000000706400000|  0%| F|  |TAMS 0x0000000706200000, 0x0000000706200000| Untracked 
|  11|0x0000000706400000, 0x0000000706400000, 0x0000000706600000|  0%| F|  |TAMS 0x0000000706400000, 0x0000000706400000| Untracked 
|  12|0x0000000706600000, 0x0000000706600000, 0x0000000706800000|  0%| F|  |TAMS 0x0000000706600000, 0x0000000706600000| Untracked 
|  13|0x0000000706800000, 0x0000000706800000, 0x0000000706a00000|  0%| F|  |TAMS 0x0000000706800000, 0x0000000706800000| Untracked 
|  14|0x0000000706a00000, 0x0000000706a00000, 0x0000000706c00000|  0%| F|  |TAMS 0x0000000706a00000, 0x0000000706a00000| Untracked 
|  15|0x0000000706c00000, 0x0000000706c00000, 0x0000000706e00000|  0%| F|  |TAMS 0x0000000706c00000, 0x0000000706c00000| Untracked 
|  16|0x0000000706e00000, 0x0000000706e00000, 0x0000000707000000|  0%| F|  |TAMS 0x0000000706e00000, 0x0000000706e00000| Untracked 
|  17|0x0000000707000000, 0x0000000707000000, 0x0000000707200000|  0%| F|  |TAMS 0x0000000707000000, 0x0000000707000000| Untracked 
|  18|0x0000000707200000, 0x0000000707200000, 0x0000000707400000|  0%| F|  |TAMS 0x0000000707200000, 0x0000000707200000| Untracked 
|  19|0x0000000707400000, 0x0000000707400000, 0x0000000707600000|  0%| F|  |TAMS 0x0000000707400000, 0x0000000707400000| Untracked 
|  20|0x0000000707600000, 0x0000000707600000, 0x0000000707800000|  0%| F|  |TAMS 0x0000000707600000, 0x0000000707600000| Untracked 
|  21|0x0000000707800000, 0x0000000707800000, 0x0000000707a00000|  0%| F|  |TAMS 0x0000000707800000, 0x0000000707800000| Untracked 
|  22|0x0000000707a00000, 0x0000000707a00000, 0x0000000707c00000|  0%| F|  |TAMS 0x0000000707a00000, 0x0000000707a00000| Untracked 
|  23|0x0000000707c00000, 0x0000000707c00000, 0x0000000707e00000|  0%| F|  |TAMS 0x0000000707c00000, 0x0000000707c00000| Untracked 
|  24|0x0000000707e00000, 0x0000000707e00000, 0x0000000708000000|  0%| F|  |TAMS 0x0000000707e00000, 0x0000000707e00000| Untracked 
|  25|0x0000000708000000, 0x0000000708000000, 0x0000000708200000|  0%| F|  |TAMS 0x0000000708000000, 0x0000000708000000| Untracked 
|  26|0x0000000708200000, 0x0000000708200000, 0x0000000708400000|  0%| F|  |TAMS 0x0000000708200000, 0x0000000708200000| Untracked 
|  27|0x0000000708400000, 0x0000000708400000, 0x0000000708600000|  0%| F|  |TAMS 0x0000000708400000, 0x0000000708400000| Untracked 
|  28|0x0000000708600000, 0x0000000708600000, 0x0000000708800000|  0%| F|  |TAMS 0x0000000708600000, 0x0000000708600000| Untracked 
|  29|0x0000000708800000, 0x0000000708800000, 0x0000000708a00000|  0%| F|  |TAMS 0x0000000708800000, 0x0000000708800000| Untracked 
|  30|0x0000000708a00000, 0x0000000708a00000, 0x0000000708c00000|  0%| F|  |TAMS 0x0000000708a00000, 0x0000000708a00000| Untracked 
|  31|0x0000000708c00000, 0x0000000708c00000, 0x0000000708e00000|  0%| F|  |TAMS 0x0000000708c00000, 0x0000000708c00000| Untracked 
|  32|0x0000000708e00000, 0x0000000708e00000, 0x0000000709000000|  0%| F|  |TAMS 0x0000000708e00000, 0x0000000708e00000| Untracked 
|  33|0x0000000709000000, 0x0000000709000000, 0x0000000709200000|  0%| F|  |TAMS 0x0000000709000000, 0x0000000709000000| Untracked 
|  34|0x0000000709200000, 0x0000000709200000, 0x0000000709400000|  0%| F|  |TAMS 0x0000000709200000, 0x0000000709200000| Untracked 
|  35|0x0000000709400000, 0x0000000709400000, 0x0000000709600000|  0%| F|  |TAMS 0x0000000709400000, 0x0000000709400000| Untracked 
|  36|0x0000000709600000, 0x0000000709600000, 0x0000000709800000|  0%| F|  |TAMS 0x0000000709600000, 0x0000000709600000| Untracked 
|  37|0x0000000709800000, 0x0000000709800000, 0x0000000709a00000|  0%| F|  |TAMS 0x0000000709800000, 0x0000000709800000| Untracked 
|  38|0x0000000709a00000, 0x0000000709a00000, 0x0000000709c00000|  0%| F|  |TAMS 0x0000000709a00000, 0x0000000709a00000| Untracked 
|  39|0x0000000709c00000, 0x0000000709c00000, 0x0000000709e00000|  0%| F|  |TAMS 0x0000000709c00000, 0x0000000709c00000| Untracked 
|  40|0x0000000709e00000, 0x0000000709e00000, 0x000000070a000000|  0%| F|  |TAMS 0x0000000709e00000, 0x0000000709e00000| Untracked 
|  41|0x000000070a000000, 0x000000070a000000, 0x000000070a200000|  0%| F|  |TAMS 0x000000070a000000, 0x000000070a000000| Untracked 
|  42|0x000000070a200000, 0x000000070a200000, 0x000000070a400000|  0%| F|  |TAMS 0x000000070a200000, 0x000000070a200000| Untracked 
|  43|0x000000070a400000, 0x000000070a400000, 0x000000070a600000|  0%| F|  |TAMS 0x000000070a400000, 0x000000070a400000| Untracked 
|  44|0x000000070a600000, 0x000000070a600000, 0x000000070a800000|  0%| F|  |TAMS 0x000000070a600000, 0x000000070a600000| Untracked 
|  45|0x000000070a800000, 0x000000070a800000, 0x000000070aa00000|  0%| F|  |TAMS 0x000000070a800000, 0x000000070a800000| Untracked 
|  46|0x000000070aa00000, 0x000000070aa00000, 0x000000070ac00000|  0%| F|  |TAMS 0x000000070aa00000, 0x000000070aa00000| Untracked 
|  47|0x000000070ac00000, 0x000000070ac00000, 0x000000070ae00000|  0%| F|  |TAMS 0x000000070ac00000, 0x000000070ac00000| Untracked 
|  48|0x000000070ae00000, 0x000000070ae00000, 0x000000070b000000|  0%| F|  |TAMS 0x000000070ae00000, 0x000000070ae00000| Untracked 
|  49|0x000000070b000000, 0x000000070b000000, 0x000000070b200000|  0%| F|  |TAMS 0x000000070b000000, 0x000000070b000000| Untracked 
|  50|0x000000070b200000, 0x000000070b200000, 0x000000070b400000|  0%| F|  |TAMS 0x000000070b200000, 0x000000070b200000| Untracked 
|  51|0x000000070b400000, 0x000000070b400000, 0x000000070b600000|  0%| F|  |TAMS 0x000000070b400000, 0x000000070b400000| Untracked 
|  52|0x000000070b600000, 0x000000070b600000, 0x000000070b800000|  0%| F|  |TAMS 0x000000070b600000, 0x000000070b600000| Untracked 
|  53|0x000000070b800000, 0x000000070b800000, 0x000000070ba00000|  0%| F|  |TAMS 0x000000070b800000, 0x000000070b800000| Untracked 
|  54|0x000000070ba00000, 0x000000070ba00000, 0x000000070bc00000|  0%| F|  |TAMS 0x000000070ba00000, 0x000000070ba00000| Untracked 
|  55|0x000000070bc00000, 0x000000070bc00000, 0x000000070be00000|  0%| F|  |TAMS 0x000000070bc00000, 0x000000070bc00000| Untracked 
|  56|0x000000070be00000, 0x000000070be00000, 0x000000070c000000|  0%| F|  |TAMS 0x000000070be00000, 0x000000070be00000| Untracked 
|  57|0x000000070c000000, 0x000000070c000000, 0x000000070c200000|  0%| F|  |TAMS 0x000000070c000000, 0x000000070c000000| Untracked 
|  58|0x000000070c200000, 0x000000070c200000, 0x000000070c400000|  0%| F|  |TAMS 0x000000070c200000, 0x000000070c200000| Untracked 
|  59|0x000000070c400000, 0x000000070c400000, 0x000000070c600000|  0%| F|  |TAMS 0x000000070c400000, 0x000000070c400000| Untracked 
|  60|0x000000070c600000, 0x000000070c600000, 0x000000070c800000|  0%| F|  |TAMS 0x000000070c600000, 0x000000070c600000| Untracked 
|  61|0x000000070c800000, 0x000000070c800000, 0x000000070ca00000|  0%| F|  |TAMS 0x000000070c800000, 0x000000070c800000| Untracked 
|  62|0x000000070ca00000, 0x000000070ca00000, 0x000000070cc00000|  0%| F|  |TAMS 0x000000070ca00000, 0x000000070ca00000| Untracked 
|  63|0x000000070cc00000, 0x000000070cc00000, 0x000000070ce00000|  0%| F|  |TAMS 0x000000070cc00000, 0x000000070cc00000| Untracked 
|  64|0x000000070ce00000, 0x000000070ce00000, 0x000000070d000000|  0%| F|  |TAMS 0x000000070ce00000, 0x000000070ce00000| Untracked 
|  65|0x000000070d000000, 0x000000070d000000, 0x000000070d200000|  0%| F|  |TAMS 0x000000070d000000, 0x000000070d000000| Untracked 
|  66|0x000000070d200000, 0x000000070d200000, 0x000000070d400000|  0%| F|  |TAMS 0x000000070d200000, 0x000000070d200000| Untracked 
|  67|0x000000070d400000, 0x000000070d400000, 0x000000070d600000|  0%| F|  |TAMS 0x000000070d400000, 0x000000070d400000| Untracked 
|  68|0x000000070d600000, 0x000000070d600000, 0x000000070d800000|  0%| F|  |TAMS 0x000000070d600000, 0x000000070d600000| Untracked 
|  69|0x000000070d800000, 0x000000070d800000, 0x000000070da00000|  0%| F|  |TAMS 0x000000070d800000, 0x000000070d800000| Untracked 
|  70|0x000000070da00000, 0x000000070da00000, 0x000000070dc00000|  0%| F|  |TAMS 0x000000070da00000, 0x000000070da00000| Untracked 
|  71|0x000000070dc00000, 0x000000070dc00000, 0x000000070de00000|  0%| F|  |TAMS 0x000000070dc00000, 0x000000070dc00000| Untracked 
|  72|0x000000070de00000, 0x000000070de00000, 0x000000070e000000|  0%| F|  |TAMS 0x000000070de00000, 0x000000070de00000| Untracked 
|  73|0x000000070e000000, 0x000000070e000000, 0x000000070e200000|  0%| F|  |TAMS 0x000000070e000000, 0x000000070e000000| Untracked 
|  74|0x000000070e200000, 0x000000070e200000, 0x000000070e400000|  0%| F|  |TAMS 0x000000070e200000, 0x000000070e200000| Untracked 
|  75|0x000000070e400000, 0x000000070e400000, 0x000000070e600000|  0%| F|  |TAMS 0x000000070e400000, 0x000000070e400000| Untracked 
|  76|0x000000070e600000, 0x000000070e600000, 0x000000070e800000|  0%| F|  |TAMS 0x000000070e600000, 0x000000070e600000| Untracked 
|  77|0x000000070e800000, 0x000000070e800000, 0x000000070ea00000|  0%| F|  |TAMS 0x000000070e800000, 0x000000070e800000| Untracked 
|  78|0x000000070ea00000, 0x000000070ea00000, 0x000000070ec00000|  0%| F|  |TAMS 0x000000070ea00000, 0x000000070ea00000| Untracked 
|  79|0x000000070ec00000, 0x000000070ec00000, 0x000000070ee00000|  0%| F|  |TAMS 0x000000070ec00000, 0x000000070ec00000| Untracked 
|  80|0x000000070ee00000, 0x000000070ee00000, 0x000000070f000000|  0%| F|  |TAMS 0x000000070ee00000, 0x000000070ee00000| Untracked 
|  81|0x000000070f000000, 0x000000070f000000, 0x000000070f200000|  0%| F|  |TAMS 0x000000070f000000, 0x000000070f000000| Untracked 
|  82|0x000000070f200000, 0x000000070f200000, 0x000000070f400000|  0%| F|  |TAMS 0x000000070f200000, 0x000000070f200000| Untracked 
|  83|0x000000070f400000, 0x000000070f400000, 0x000000070f600000|  0%| F|  |TAMS 0x000000070f400000, 0x000000070f400000| Untracked 
|  84|0x000000070f600000, 0x000000070f600000, 0x000000070f800000|  0%| F|  |TAMS 0x000000070f600000, 0x000000070f600000| Untracked 
|  85|0x000000070f800000, 0x000000070f800000, 0x000000070fa00000|  0%| F|  |TAMS 0x000000070f800000, 0x000000070f800000| Untracked 
|  86|0x000000070fa00000, 0x000000070fa00000, 0x000000070fc00000|  0%| F|  |TAMS 0x000000070fa00000, 0x000000070fa00000| Untracked 
|  87|0x000000070fc00000, 0x000000070fc00000, 0x000000070fe00000|  0%| F|  |TAMS 0x000000070fc00000, 0x000000070fc00000| Untracked 
|  88|0x000000070fe00000, 0x000000070fe00000, 0x0000000710000000|  0%| F|  |TAMS 0x000000070fe00000, 0x000000070fe00000| Untracked 
|  89|0x0000000710000000, 0x0000000710000000, 0x0000000710200000|  0%| F|  |TAMS 0x0000000710000000, 0x0000000710000000| Untracked 
|  90|0x0000000710200000, 0x0000000710200000, 0x0000000710400000|  0%| F|  |TAMS 0x0000000710200000, 0x0000000710200000| Untracked 
|  91|0x0000000710400000, 0x0000000710400000, 0x0000000710600000|  0%| F|  |TAMS 0x0000000710400000, 0x0000000710400000| Untracked 
|  92|0x0000000710600000, 0x0000000710600000, 0x0000000710800000|  0%| F|  |TAMS 0x0000000710600000, 0x0000000710600000| Untracked 
|  93|0x0000000710800000, 0x0000000710800000, 0x0000000710a00000|  0%| F|  |TAMS 0x0000000710800000, 0x0000000710800000| Untracked 
|  94|0x0000000710a00000, 0x0000000710a00000, 0x0000000710c00000|  0%| F|  |TAMS 0x0000000710a00000, 0x0000000710a00000| Untracked 
|  95|0x0000000710c00000, 0x0000000710c00000, 0x0000000710e00000|  0%| F|  |TAMS 0x0000000710c00000, 0x0000000710c00000| Untracked 
|  96|0x0000000710e00000, 0x0000000710e00000, 0x0000000711000000|  0%| F|  |TAMS 0x0000000710e00000, 0x0000000710e00000| Untracked 
|  97|0x0000000711000000, 0x0000000711000000, 0x0000000711200000|  0%| F|  |TAMS 0x0000000711000000, 0x0000000711000000| Untracked 
|  98|0x0000000711200000, 0x0000000711200000, 0x0000000711400000|  0%| F|  |TAMS 0x0000000711200000, 0x0000000711200000| Untracked 
|  99|0x0000000711400000, 0x0000000711400000, 0x0000000711600000|  0%| F|  |TAMS 0x0000000711400000, 0x0000000711400000| Untracked 
| 100|0x0000000711600000, 0x0000000711600000, 0x0000000711800000|  0%| F|  |TAMS 0x0000000711600000, 0x0000000711600000| Untracked 
| 101|0x0000000711800000, 0x0000000711800000, 0x0000000711a00000|  0%| F|  |TAMS 0x0000000711800000, 0x0000000711800000| Untracked 
| 102|0x0000000711a00000, 0x0000000711a00000, 0x0000000711c00000|  0%| F|  |TAMS 0x0000000711a00000, 0x0000000711a00000| Untracked 
| 103|0x0000000711c00000, 0x0000000711c00000, 0x0000000711e00000|  0%| F|  |TAMS 0x0000000711c00000, 0x0000000711c00000| Untracked 
| 104|0x0000000711e00000, 0x0000000711f00800, 0x0000000712000000| 50%| E|  |TAMS 0x0000000711e00000, 0x0000000711e00000| Complete 
| 105|0x0000000712000000, 0x0000000712200000, 0x0000000712200000|100%| E|CS|TAMS 0x0000000712000000, 0x0000000712000000| Complete 
| 106|0x0000000712200000, 0x0000000712400000, 0x0000000712400000|100%| E|CS|TAMS 0x0000000712200000, 0x0000000712200000| Complete 
| 107|0x0000000712400000, 0x000000071259fc10, 0x0000000712600000| 81%| S|CS|TAMS 0x0000000712400000, 0x0000000712400000| Complete 
| 108|0x0000000712600000, 0x0000000712800000, 0x0000000712800000|100%| E|CS|TAMS 0x0000000712600000, 0x0000000712600000| Complete 
| 109|0x0000000712800000, 0x0000000712a00000, 0x0000000712a00000|100%| E|CS|TAMS 0x0000000712800000, 0x0000000712800000| Complete 
| 110|0x0000000712a00000, 0x0000000712c00000, 0x0000000712c00000|100%| E|CS|TAMS 0x0000000712a00000, 0x0000000712a00000| Complete 
| 111|0x0000000712c00000, 0x0000000712e00000, 0x0000000712e00000|100%| E|CS|TAMS 0x0000000712c00000, 0x0000000712c00000| Complete 
| 112|0x0000000712e00000, 0x0000000713000000, 0x0000000713000000|100%| E|CS|TAMS 0x0000000712e00000, 0x0000000712e00000| Complete 
| 113|0x0000000713000000, 0x0000000713200000, 0x0000000713200000|100%| E|CS|TAMS 0x0000000713000000, 0x0000000713000000| Complete 
| 114|0x0000000713200000, 0x0000000713400000, 0x0000000713400000|100%| E|CS|TAMS 0x0000000713200000, 0x0000000713200000| Complete 
| 115|0x0000000713400000, 0x0000000713600000, 0x0000000713600000|100%| E|CS|TAMS 0x0000000713400000, 0x0000000713400000| Complete 
| 116|0x0000000713600000, 0x0000000713800000, 0x0000000713800000|100%| E|CS|TAMS 0x0000000713600000, 0x0000000713600000| Complete 
| 117|0x0000000713800000, 0x0000000713a00000, 0x0000000713a00000|100%| E|CS|TAMS 0x0000000713800000, 0x0000000713800000| Complete 
| 118|0x0000000713a00000, 0x0000000713c00000, 0x0000000713c00000|100%| E|CS|TAMS 0x0000000713a00000, 0x0000000713a00000| Complete 
| 119|0x0000000713c00000, 0x0000000713e00000, 0x0000000713e00000|100%| E|CS|TAMS 0x0000000713c00000, 0x0000000713c00000| Complete 
| 120|0x0000000713e00000, 0x0000000714000000, 0x0000000714000000|100%| E|CS|TAMS 0x0000000713e00000, 0x0000000713e00000| Complete 
| 121|0x0000000714000000, 0x0000000714200000, 0x0000000714200000|100%| E|CS|TAMS 0x0000000714000000, 0x0000000714000000| Complete 
| 122|0x0000000714200000, 0x0000000714400000, 0x0000000714400000|100%| E|CS|TAMS 0x0000000714200000, 0x0000000714200000| Complete 
| 123|0x0000000714400000, 0x0000000714600000, 0x0000000714600000|100%| E|CS|TAMS 0x0000000714400000, 0x0000000714400000| Complete 
| 124|0x0000000714600000, 0x0000000714800000, 0x0000000714800000|100%| E|CS|TAMS 0x0000000714600000, 0x0000000714600000| Complete 
| 125|0x0000000714800000, 0x0000000714a00000, 0x0000000714a00000|100%| E|CS|TAMS 0x0000000714800000, 0x0000000714800000| Complete 

Card table byte_map: [0x00000158d10a0000,0x00000158d1880000] _byte_map_base: 0x00000158cd879000

Marking Bits (Prev, Next): (CMBitMap*) 0x00000158bdf67c60, (CMBitMap*) 0x00000158bdf67ca0
 Prev Bits: [0x00000158d2060000, 0x00000158d5f28000)
 Next Bits: [0x00000158d5f30000, 0x00000158d9df8000)

Polling page: 0x00000158bbda0000

Metaspace:

Usage:
  Non-class:     15.81 MB used.
      Class:      1.67 MB used.
       Both:     17.48 MB used.

Virtual space:
  Non-class space:       64.00 MB reserved,      15.94 MB ( 25%) committed,  1 nodes.
      Class space:        1.00 GB reserved,       1.75 MB ( <1%) committed,  1 nodes.
             Both:        1.06 GB reserved,      17.69 MB (  2%) committed. 

Chunk freelists:
   Non-Class:  15.67 MB
       Class:  14.27 MB
        Both:  29.94 MB

MaxMetaspaceSize: unlimited
CompressedClassSpaceSize: 1.00 GB
Initial GC threshold: 21.00 MB
Current GC threshold: 21.00 MB
CDS: off
MetaspaceReclaimPolicy: balanced
 - commit_granule_bytes: 65536.
 - commit_granule_words: 8192.
 - virtual_space_node_default_size: 8388608.
 - enlarge_chunks_in_place: 1.
 - new_chunks_are_fully_committed: 0.
 - uncommit_free_chunks: 1.
 - use_allocation_guard: 0.
 - handle_deallocations: 1.


Internal statistics:

num_allocs_failed_limit: 0.
num_arena_births: 50.
num_arena_deaths: 0.
num_vsnodes_births: 2.
num_vsnodes_deaths: 0.
num_space_committed: 283.
num_space_uncommitted: 0.
num_chunks_returned_to_freelist: 0.
num_chunks_taken_from_freelist: 301.
num_chunk_merges: 0.
num_chunk_splits: 231.
num_chunks_enlarged: 193.
num_inconsistent_stats: 0.

CodeHeap 'non-profiled nmethods': size=120000Kb used=1036Kb max_used=1036Kb free=118963Kb
 bounds [0x00000158c9060000, 0x00000158c92d0000, 0x00000158d0590000]
CodeHeap 'profiled nmethods': size=120000Kb used=4114Kb max_used=4114Kb free=115885Kb
 bounds [0x00000158c1590000, 0x00000158c19a0000, 0x00000158c8ac0000]
CodeHeap 'non-nmethods': size=5760Kb used=1201Kb max_used=1223Kb free=4558Kb
 bounds [0x00000158c8ac0000, 0x00000158c8d30000, 0x00000158c9060000]
 total_blobs=2413 nmethods=1930 adapters=395
 compilation: enabled
              stopped_count=0, restarted_count=0
 full_count=0

Compilation events (20 events):
Event: 1.470 Thread 0x00000158dc939540 1919       3       java.util.Collections$SingletonSet::contains (9 bytes)
Event: 1.470 Thread 0x00000158dc939540 nmethod 1919 0x00000158c198fa10 code [0x00000158c198fbc0, 0x00000158c198fea8]
Event: 1.471 Thread 0x00000158dc939540 1942       2       jdk.internal.math.FDBigInteger::mult (64 bytes)
Event: 1.471 Thread 0x00000158dc939540 nmethod 1942 0x00000158c198ff90 code [0x00000158c1990140, 0x00000158c1990378]
Event: 1.471 Thread 0x00000158dc939540 1943       2       jdk.internal.math.FDBigInteger::<init> (30 bytes)
Event: 1.471 Thread 0x00000158dc939540 nmethod 1943 0x00000158c1990590 code [0x00000158c1990740, 0x00000158c19908c8]
Event: 1.471 Thread 0x00000158dc939540 1944       2       jdk.internal.math.FDBigInteger::trimLeadingZeros (57 bytes)
Event: 1.471 Thread 0x00000158dc939540 nmethod 1944 0x00000158c1990990 code [0x00000158c1990b20, 0x00000158c1990cf8]
Event: 1.471 Thread 0x00000158dc939540 1947       2       org.apache.xmlbeans.impl.store.Xobj::lastAttr (112 bytes)
Event: 1.472 Thread 0x00000158dc939540 nmethod 1947 0x00000158c1990e10 code [0x00000158c1991000, 0x00000158c19913c8]
Event: 1.472 Thread 0x00000158dc939540 1945       2       org.apache.xmlbeans.impl.store.Locale::notifyChange (133 bytes)
Event: 1.472 Thread 0x00000158dc939540 nmethod 1945 0x00000158c1991690 code [0x00000158c19918c0, 0x00000158c1991e88]
Event: 1.472 Thread 0x00000158dc939540 1946       2       org.apache.xmlbeans.impl.store.Cur$Locations::notifyChange (197 bytes)
Event: 1.472 Thread 0x00000158dc939540 nmethod 1946 0x00000158c1992290 code [0x00000158c19924a0, 0x00000158c1992a18]
Event: 1.472 Thread 0x00000158dc939540 1949   !   2       jdk.internal.loader.BuiltinClassLoader$2::run (114 bytes)
Event: 1.473 Thread 0x00000158dc939540 nmethod 1949 0x00000158c1992e90 code [0x00000158c19930c0, 0x00000158c19935f8]
Event: 1.473 Thread 0x00000158dc939540 1948       2       org.apache.xmlbeans.impl.store.Xobj::invalidateSpecialAttr (205 bytes)
Event: 1.473 Thread 0x00000158dc939540 nmethod 1948 0x00000158c1993910 code [0x00000158c1993b40, 0x00000158c19940d8]
Event: 1.473 Thread 0x00000158dc939540 1950       2       org.apache.xmlbeans.impl.schema.SchemaParticleImpl::setParticleType (19 bytes)
Event: 1.474 Thread 0x00000158dc939540 nmethod 1950 0x00000158c1994510 code [0x00000158c19946c0, 0x00000158c1994858]

GC Heap History (4 events):
Event: 0.678 GC heap before
{Heap before GC invocations=0 (full 0):
 garbage-first heap   total 258048K, used 20480K [0x0000000704e00000, 0x0000000800000000)
  region size 2048K, 11 young (22528K), 0 survivors (0K)
 Metaspace       used 9906K, committed 10048K, reserved 1114112K
  class space    used 858K, committed 960K, reserved 1048576K
}
Event: 0.681 GC heap after
{Heap after GC invocations=1 (full 0):
 garbage-first heap   total 258048K, used 5667K [0x0000000704e00000, 0x0000000800000000)
  region size 2048K, 2 young (4096K), 2 survivors (4096K)
 Metaspace       used 9906K, committed 10048K, reserved 1114112K
  class space    used 858K, committed 960K, reserved 1048576K
}
Event: 1.075 GC heap before
{Heap before GC invocations=1 (full 0):
 garbage-first heap   total 258048K, used 38435K [0x0000000704e00000, 0x0000000800000000)
  region size 2048K, 18 young (36864K), 2 survivors (4096K)
 Metaspace       used 14610K, committed 14784K, reserved 1114112K
  class space    used 1330K, committed 1408K, reserved 1048576K
}
Event: 1.078 GC heap after
{Heap after GC invocations=2 (full 0):
 garbage-first heap   total 258048K, used 7340K [0x0000000704e00000, 0x0000000800000000)
  region size 2048K, 1 young (2048K), 1 survivors (2048K)
 Metaspace       used 14610K, committed 14784K, reserved 1114112K
  class space    used 1330K, committed 1408K, reserved 1048576K
}

Dll operation events (8 events):
Event: 0.066 Loaded shared library C:\Users\1000071558\Desktop\eclipse-java-2023-06-R-win32-x86_64\eclipse\plugins\org.eclipse.justj.openjdk.hotspot.jre.full.win32.x86_64_17.0.7.v20230425-1502\jre\bin\java.dll
Event: 0.258 Loaded shared library C:\Users\1000071558\Desktop\eclipse-java-2023-06-R-win32-x86_64\eclipse\plugins\org.eclipse.justj.openjdk.hotspot.jre.full.win32.x86_64_17.0.7.v20230425-1502\jre\bin\zip.dll
Event: 0.262 Loaded shared library C:\Users\1000071558\Desktop\eclipse-java-2023-06-R-win32-x86_64\eclipse\plugins\org.eclipse.justj.openjdk.hotspot.jre.full.win32.x86_64_17.0.7.v20230425-1502\jre\bin\instrument.dll
Event: 0.277 Loaded shared library C:\Users\1000071558\Desktop\eclipse-java-2023-06-R-win32-x86_64\eclipse\plugins\org.eclipse.justj.openjdk.hotspot.jre.full.win32.x86_64_17.0.7.v20230425-1502\jre\bin\net.dll
Event: 0.281 Loaded shared library C:\Users\1000071558\Desktop\eclipse-java-2023-06-R-win32-x86_64\eclipse\plugins\org.eclipse.justj.openjdk.hotspot.jre.full.win32.x86_64_17.0.7.v20230425-1502\jre\bin\nio.dll
Event: 0.287 Loaded shared library C:\Users\1000071558\Desktop\eclipse-java-2023-06-R-win32-x86_64\eclipse\plugins\org.eclipse.justj.openjdk.hotspot.jre.full.win32.x86_64_17.0.7.v20230425-1502\jre\bin\zip.dll
Event: 0.364 Loaded shared library C:\Users\1000071558\Desktop\eclipse-java-2023-06-R-win32-x86_64\eclipse\plugins\org.eclipse.justj.openjdk.hotspot.jre.full.win32.x86_64_17.0.7.v20230425-1502\jre\bin\verify.dll
Event: 0.446 Loaded shared library C:\Users\1000071558\Desktop\eclipse-java-2023-06-R-win32-x86_64\eclipse\plugins\org.eclipse.justj.openjdk.hotspot.jre.full.win32.x86_64_17.0.7.v20230425-1502\jre\bin\jimage.dll

Deoptimization events (20 events):
Event: 1.281 Thread 0x00000158bdef82d0 Uncommon trap: trap_request=0xffffffde fr.pc=0x00000158c9112bf0 relative=0x0000000000000430
Event: 1.281 Thread 0x00000158bdef82d0 Uncommon trap: reason=class_check action=maybe_recompile pc=0x00000158c9112bf0 method=java.util.HashMap.getNode(Ljava/lang/Object;)Ljava/util/HashMap$Node; @ 128 c2
Event: 1.281 Thread 0x00000158bdef82d0 DEOPT PACKING pc=0x00000158c9112bf0 sp=0x00000037a75fe1f0
Event: 1.281 Thread 0x00000158bdef82d0 DEOPT UNPACKING pc=0x00000158c8b1a1a3 sp=0x00000037a75fe110 mode 2
Event: 1.281 Thread 0x00000158bdef82d0 Uncommon trap: trap_request=0xffffffde fr.pc=0x00000158c9112bf0 relative=0x0000000000000430
Event: 1.281 Thread 0x00000158bdef82d0 Uncommon trap: reason=class_check action=maybe_recompile pc=0x00000158c9112bf0 method=java.util.HashMap.getNode(Ljava/lang/Object;)Ljava/util/HashMap$Node; @ 128 c2
Event: 1.281 Thread 0x00000158bdef82d0 DEOPT PACKING pc=0x00000158c9112bf0 sp=0x00000037a75fe1f0
Event: 1.281 Thread 0x00000158bdef82d0 DEOPT UNPACKING pc=0x00000158c8b1a1a3 sp=0x00000037a75fe110 mode 2
Event: 1.281 Thread 0x00000158bdef82d0 Uncommon trap: trap_request=0xffffffde fr.pc=0x00000158c9112bf0 relative=0x0000000000000430
Event: 1.281 Thread 0x00000158bdef82d0 Uncommon trap: reason=class_check action=maybe_recompile pc=0x00000158c9112bf0 method=java.util.HashMap.getNode(Ljava/lang/Object;)Ljava/util/HashMap$Node; @ 128 c2
Event: 1.281 Thread 0x00000158bdef82d0 DEOPT PACKING pc=0x00000158c9112bf0 sp=0x00000037a75fe1f0
Event: 1.281 Thread 0x00000158bdef82d0 DEOPT UNPACKING pc=0x00000158c8b1a1a3 sp=0x00000037a75fe110 mode 2
Event: 1.281 Thread 0x00000158bdef82d0 Uncommon trap: trap_request=0xffffffde fr.pc=0x00000158c9112bf0 relative=0x0000000000000430
Event: 1.281 Thread 0x00000158bdef82d0 Uncommon trap: reason=class_check action=maybe_recompile pc=0x00000158c9112bf0 method=java.util.HashMap.getNode(Ljava/lang/Object;)Ljava/util/HashMap$Node; @ 128 c2
Event: 1.281 Thread 0x00000158bdef82d0 DEOPT PACKING pc=0x00000158c9112bf0 sp=0x00000037a75fe1f0
Event: 1.281 Thread 0x00000158bdef82d0 DEOPT UNPACKING pc=0x00000158c8b1a1a3 sp=0x00000037a75fe110 mode 2
Event: 1.281 Thread 0x00000158bdef82d0 Uncommon trap: trap_request=0xffffffde fr.pc=0x00000158c90bf590 relative=0x0000000000000450
Event: 1.281 Thread 0x00000158bdef82d0 Uncommon trap: reason=class_check action=maybe_recompile pc=0x00000158c90bf590 method=java.util.HashMap.getNode(Ljava/lang/Object;)Ljava/util/HashMap$Node; @ 128 c2
Event: 1.281 Thread 0x00000158bdef82d0 DEOPT PACKING pc=0x00000158c90bf590 sp=0x00000037a75fe180
Event: 1.281 Thread 0x00000158bdef82d0 DEOPT UNPACKING pc=0x00000158c8b1a1a3 sp=0x00000037a75fe108 mode 2

Classes unloaded (0 events):
No events

Classes redefined (0 events):
No events

Internal exceptions (9 events):
Event: 0.424 Thread 0x00000158bdef82d0 Exception <a 'java/lang/NoSuchMethodError'{0x00000007143d0c20}: 'java.lang.Object java.lang.invoke.DirectMethodHandle$Holder.invokeStaticInit(java.lang.Object)'> (0x00000007143d0c20) 
thrown [s\src\hotspot\share\interpreter\linkResolver.cpp, line 759]
Event: 0.430 Thread 0x00000158bdef82d0 Exception <a 'java/lang/NoSuchMethodError'{0x00000007143dec18}: 'void java.lang.invoke.DirectMethodHandle$Holder.invokeStatic(java.lang.Object, java.lang.Object)'> (0x00000007143dec18) 
thrown [s\src\hotspot\share\interpreter\linkResolver.cpp, line 759]
Event: 0.441 Thread 0x00000158bdef82d0 Exception <a 'java/lang/NoSuchMethodError'{0x00000007140212b8}: 'void java.lang.invoke.DirectMethodHandle$Holder.invokeStatic(java.lang.Object, java.lang.Object, java.lang.Object)'> (0x00000007140212b8) 
thrown [s\src\hotspot\share\interpreter\linkResolver.cpp, line 759]
Event: 0.442 Thread 0x00000158bdef82d0 Exception <a 'java/lang/NoSuchMethodError'{0x00000007140279a8}: 'void java.lang.invoke.DirectMethodHandle$Holder.invokeStatic(java.lang.Object, java.lang.Object, java.lang.Object, java.lang.Object)'> (0x00000007140279a8) 
thrown [s\src\hotspot\share\interpreter\linkResolver.cpp, line 759]
Event: 0.734 Thread 0x00000158bdef82d0 Exception <a 'java/lang/ClassNotFoundException'{0x00000007146882e8}: com/sun/org/apache/xerces/internal/impl/msg/spi/SAXMessagesProvider> (0x00000007146882e8) 
thrown [s\src\hotspot\share\classfile\systemDictionary.cpp, line 256]
Event: 0.811 Thread 0x00000158bdef82d0 Exception <a 'java/lang/NoSuchMethodError'{0x000000071434d208}: 'java.lang.Object java.lang.invoke.DirectMethodHandle$Holder.invokeStaticInit(java.lang.Object, java.lang.Object, java.lang.Object, java.lang.Object)'> (0x000000071434d208) 
thrown [s\src\hotspot\share\interpreter\linkResolver.cpp, line 759]
Event: 0.812 Thread 0x00000158bdef82d0 Exception <a 'java/lang/NoSuchMethodError'{0x00000007143538c8}: 'java.lang.Object java.lang.invoke.Invokers$Holder.invoke_MT(java.lang.Object, java.lang.Object, java.lang.Object, java.lang.Object, java.lang.Object)'> (0x00000007143538c8) 
thrown [s\src\hotspot\share\interpreter\linkResolver.cpp, line 759]
Event: 1.062 Thread 0x00000158bdef82d0 Exception <a 'java/lang/NoSuchMethodError'{0x000000071277e4e8}: 'java.lang.Object java.lang.invoke.DirectMethodHandle$Holder.invokeInterface(java.lang.Object, java.lang.Object)'> (0x000000071277e4e8) 
thrown [s\src\hotspot\share\interpreter\linkResolver.cpp, line 759]
Event: 1.143 Thread 0x00000158bdef82d0 Implicit null exception at 0x00000158c90fc683 to 0x00000158c90fd5f8

VM Operations (20 events):
Event: 0.380 Executing VM operation: HandshakeAllThreads
Event: 0.380 Executing VM operation: HandshakeAllThreads done
Event: 0.450 Executing VM operation: HandshakeAllThreads
Event: 0.450 Executing VM operation: HandshakeAllThreads done
Event: 0.584 Executing VM operation: HandshakeAllThreads
Event: 0.584 Executing VM operation: HandshakeAllThreads done
Event: 0.638 Executing VM operation: ICBufferFull
Event: 0.638 Executing VM operation: ICBufferFull done
Event: 0.678 Executing VM operation: G1CollectForAllocation
Event: 0.681 Executing VM operation: G1CollectForAllocation done
Event: 0.768 Executing VM operation: HandshakeAllThreads
Event: 0.768 Executing VM operation: HandshakeAllThreads done
Event: 0.812 Executing VM operation: HandshakeAllThreads
Event: 0.812 Executing VM operation: HandshakeAllThreads done
Event: 1.074 Executing VM operation: G1CollectForAllocation
Event: 1.078 Executing VM operation: G1CollectForAllocation done
Event: 1.230 Executing VM operation: HandshakeAllThreads
Event: 1.230 Executing VM operation: HandshakeAllThreads done
Event: 1.255 Executing VM operation: HandshakeAllThreads
Event: 1.255 Executing VM operation: HandshakeAllThreads done

Events (20 events):
Event: 1.434 loading class jdk/internal/reflect/ByteVector done
Event: 1.434 loading class jdk/internal/reflect/ByteVectorImpl done
Event: 1.434 loading class jdk/internal/reflect/ClassFileAssembler
Event: 1.434 loading class jdk/internal/reflect/ClassFileAssembler done
Event: 1.434 loading class jdk/internal/reflect/UTF8
Event: 1.434 loading class jdk/internal/reflect/UTF8 done
Event: 1.435 loading class jdk/internal/reflect/Label
Event: 1.435 loading class jdk/internal/reflect/Label done
Event: 1.435 loading class jdk/internal/reflect/Label$PatchInfo
Event: 1.435 loading class jdk/internal/reflect/Label$PatchInfo done
Event: 1.435 loading class jdk/internal/reflect/MethodAccessorGenerator$1
Event: 1.435 loading class jdk/internal/reflect/MethodAccessorGenerator$1 done
Event: 1.435 loading class jdk/internal/reflect/ClassDefiner
Event: 1.435 loading class jdk/internal/reflect/ClassDefiner done
Event: 1.435 loading class jdk/internal/reflect/ClassDefiner$1
Event: 1.435 loading class jdk/internal/reflect/ClassDefiner$1 done
Event: 1.435 loading class jdk/internal/reflect/BootstrapConstructorAccessorImpl
Event: 1.435 loading class jdk/internal/reflect/BootstrapConstructorAccessorImpl done
Event: 1.470 loading class jdk/internal/math/FDBigInteger
Event: 1.470 loading class jdk/internal/math/FDBigInteger done


Dynamic libraries:
0x00007ff6435f0000 - 0x00007ff6435fe000 	C:\Users\1000071558\Desktop\eclipse-java-2023-06-R-win32-x86_64\eclipse\plugins\org.eclipse.justj.openjdk.hotspot.jre.full.win32.x86_64_17.0.7.v20230425-1502\jre\bin\javaw.exe
0x00007ffab85d0000 - 0x00007ffab87e7000 	C:\WINDOWS\SYSTEM32\ntdll.dll
0x00007ffab6f90000 - 0x00007ffab7054000 	C:\WINDOWS\System32\KERNEL32.DLL
0x00007ffab5c60000 - 0x00007ffab6032000 	C:\WINDOWS\System32\KERNELBASE.dll
0x00007ffab59d0000 - 0x00007ffab5ae1000 	C:\WINDOWS\System32\ucrtbase.dll
0x00007ffa992b0000 - 0x00007ffa992c7000 	C:\Users\1000071558\Desktop\eclipse-java-2023-06-R-win32-x86_64\eclipse\plugins\org.eclipse.justj.openjdk.hotspot.jre.full.win32.x86_64_17.0.7.v20230425-1502\jre\bin\jli.dll
0x00007ffa99450000 - 0x00007ffa99469000 	C:\Users\1000071558\Desktop\eclipse-java-2023-06-R-win32-x86_64\eclipse\plugins\org.eclipse.justj.openjdk.hotspot.jre.full.win32.x86_64_17.0.7.v20230425-1502\jre\bin\VCRUNTIME140.dll
0x00007ffab6520000 - 0x00007ffab66d1000 	C:\WINDOWS\System32\USER32.dll
0x00007ffab5900000 - 0x00007ffab5926000 	C:\WINDOWS\System32\win32u.dll
0x00007ffa8f2c0000 - 0x00007ffa8f55b000 	C:\WINDOWS\WinSxS\amd64_microsoft.windows.common-controls_6595b64144ccf1df_6.0.22621.5415_none_270d77d17387d7da\COMCTL32.dll
0x00007ffab8220000 - 0x00007ffab8249000 	C:\WINDOWS\System32\GDI32.dll
0x00007ffab6100000 - 0x00007ffab6223000 	C:\WINDOWS\System32\gdi32full.dll
0x00007ffab7880000 - 0x00007ffab7927000 	C:\WINDOWS\System32\msvcrt.dll
0x00007ffab5930000 - 0x00007ffab59ca000 	C:\WINDOWS\System32\msvcp_win.dll
0x00007ffab7f70000 - 0x00007ffab7fa1000 	C:\WINDOWS\System32\IMM32.DLL
0x00000158bbdc0000 - 0x00000158bbdd6000 	C:\WINDOWS\System32\umppc19706.dll
0x00007ffa997a0000 - 0x00007ffa997ac000 	C:\Users\1000071558\Desktop\eclipse-java-2023-06-R-win32-x86_64\eclipse\plugins\org.eclipse.justj.openjdk.hotspot.jre.full.win32.x86_64_17.0.7.v20230425-1502\jre\bin\vcruntime140_1.dll
0x00007ffa972c0000 - 0x00007ffa97351000 	C:\Users\1000071558\Desktop\eclipse-java-2023-06-R-win32-x86_64\eclipse\plugins\org.eclipse.justj.openjdk.hotspot.jre.full.win32.x86_64_17.0.7.v20230425-1502\jre\bin\msvcp140.dll
0x00007ffa8f870000 - 0x00007ffa904b8000 	C:\Users\1000071558\Desktop\eclipse-java-2023-06-R-win32-x86_64\eclipse\plugins\org.eclipse.justj.openjdk.hotspot.jre.full.win32.x86_64_17.0.7.v20230425-1502\jre\bin\server\jvm.dll
0x00007ffab7e30000 - 0x00007ffab7ee1000 	C:\WINDOWS\System32\ADVAPI32.dll
0x00007ffab84e0000 - 0x00007ffab8588000 	C:\WINDOWS\System32\sechost.dll
0x00007ffab6230000 - 0x00007ffab6258000 	C:\WINDOWS\System32\bcrypt.dll
0x00007ffab7760000 - 0x00007ffab7874000 	C:\WINDOWS\System32\RPCRT4.dll
0x00007ffa80a80000 - 0x00007ffa80a89000 	C:\WINDOWS\SYSTEM32\WSOCK32.dll
0x00007ffab7930000 - 0x00007ffab79a1000 	C:\WINDOWS\System32\WS2_32.dll
0x00007ffaaccb0000 - 0x00007ffaacce4000 	C:\WINDOWS\SYSTEM32\WINMM.dll
0x00007ffaacf60000 - 0x00007ffaacf6a000 	C:\WINDOWS\SYSTEM32\VERSION.dll
0x00007ffab45d0000 - 0x00007ffab45e8000 	C:\WINDOWS\SYSTEM32\kernel.appcore.dll
0x00007ffaac690000 - 0x00007ffaac69a000 	C:\Users\1000071558\Desktop\eclipse-java-2023-06-R-win32-x86_64\eclipse\plugins\org.eclipse.justj.openjdk.hotspot.jre.full.win32.x86_64_17.0.7.v20230425-1502\jre\bin\jimage.dll
0x00007ffab2fd0000 - 0x00007ffab3203000 	C:\WINDOWS\SYSTEM32\DBGHELP.DLL
0x00007ffab73c0000 - 0x00007ffab7753000 	C:\WINDOWS\System32\combase.dll
0x00007ffab72e0000 - 0x00007ffab73b7000 	C:\WINDOWS\System32\OLEAUT32.dll
0x00007ffa8f280000 - 0x00007ffa8f2b2000 	C:\WINDOWS\SYSTEM32\dbgcore.DLL
0x00007ffab5880000 - 0x00007ffab58fb000 	C:\WINDOWS\System32\bcryptPrimitives.dll
0x00007ffa99760000 - 0x00007ffa9976e000 	C:\Users\1000071558\Desktop\eclipse-java-2023-06-R-win32-x86_64\eclipse\plugins\org.eclipse.justj.openjdk.hotspot.jre.full.win32.x86_64_17.0.7.v20230425-1502\jre\bin\instrument.dll
0x00007ffa99140000 - 0x00007ffa99165000 	C:\Users\1000071558\Desktop\eclipse-java-2023-06-R-win32-x86_64\eclipse\plugins\org.eclipse.justj.openjdk.hotspot.jre.full.win32.x86_64_17.0.7.v20230425-1502\jre\bin\java.dll
0x00007ffa99620000 - 0x00007ffa99638000 	C:\Users\1000071558\Desktop\eclipse-java-2023-06-R-win32-x86_64\eclipse\plugins\org.eclipse.justj.openjdk.hotspot.jre.full.win32.x86_64_17.0.7.v20230425-1502\jre\bin\zip.dll
0x00007ffab66e0000 - 0x00007ffab6f82000 	C:\WINDOWS\System32\SHELL32.dll
0x00007ffab56c0000 - 0x00007ffab57ff000 	C:\WINDOWS\System32\wintypes.dll
0x00007ffab32c0000 - 0x00007ffab3bde000 	C:\WINDOWS\SYSTEM32\windows.storage.dll
0x00007ffab80b0000 - 0x00007ffab81bb000 	C:\WINDOWS\System32\SHCORE.dll
0x00007ffab7ef0000 - 0x00007ffab7f59000 	C:\WINDOWS\System32\shlwapi.dll
0x00007ffab55f0000 - 0x00007ffab561b000 	C:\WINDOWS\SYSTEM32\profapi.dll
0x00007ffa993e0000 - 0x00007ffa993f9000 	C:\Users\1000071558\Desktop\eclipse-java-2023-06-R-win32-x86_64\eclipse\plugins\org.eclipse.justj.openjdk.hotspot.jre.full.win32.x86_64_17.0.7.v20230425-1502\jre\bin\net.dll
0x00007ffab45f0000 - 0x00007ffab471c000 	C:\WINDOWS\SYSTEM32\WINHTTP.dll
0x00007ffab4b70000 - 0x00007ffab4bd9000 	C:\WINDOWS\system32\mswsock.dll
0x00007ffa98af0000 - 0x00007ffa98b05000 	C:\Users\1000071558\Desktop\eclipse-java-2023-06-R-win32-x86_64\eclipse\plugins\org.eclipse.justj.openjdk.hotspot.jre.full.win32.x86_64_17.0.7.v20230425-1502\jre\bin\nio.dll
0x00007ffaac680000 - 0x00007ffaac690000 	C:\Users\1000071558\Desktop\eclipse-java-2023-06-R-win32-x86_64\eclipse\plugins\org.eclipse.justj.openjdk.hotspot.jre.full.win32.x86_64_17.0.7.v20230425-1502\jre\bin\verify.dll
0x00007ffa81a90000 - 0x00007ffa81aa7000 	C:\WINDOWS\system32\napinsp.dll
0x00007ffa81ab0000 - 0x00007ffa81acb000 	C:\WINDOWS\system32\pnrpnsp.dll
0x00007ffab3e90000 - 0x00007ffab3f88000 	C:\WINDOWS\SYSTEM32\DNSAPI.dll
0x00007ffab3e60000 - 0x00007ffab3e8d000 	C:\WINDOWS\SYSTEM32\IPHLPAPI.DLL
0x00007ffab7f60000 - 0x00007ffab7f69000 	C:\WINDOWS\System32\NSI.dll
0x00007ffa81ad0000 - 0x00007ffa81ae1000 	C:\WINDOWS\System32\winrnr.dll
0x00007ffa81af0000 - 0x00007ffa81b0f000 	C:\WINDOWS\system32\wshbth.dll
0x00007ffa81b10000 - 0x00007ffa81b31000 	C:\WINDOWS\system32\nlansp_c.dll
0x00007ffaab550000 - 0x00007ffaab55a000 	C:\Windows\System32\rasadhlp.dll
0x00007ffaadd20000 - 0x00007ffaadda4000 	C:\WINDOWS\System32\fwpuclnt.dll
0x00007ffaadd00000 - 0x00007ffaadd19000 	C:\WINDOWS\SYSTEM32\dhcpcsvc6.DLL
0x00007ffaadce0000 - 0x00007ffaadcff000 	C:\WINDOWS\SYSTEM32\dhcpcsvc.DLL

dbghelp: loaded successfully - version: 4.0.5 - missing functions: none
symbol engine: initialized successfully - sym options: 0x614 - pdb path: .;C:\Users\1000071558\Desktop\eclipse-java-2023-06-R-win32-x86_64\eclipse\plugins\org.eclipse.justj.openjdk.hotspot.jre.full.win32.x86_64_17.0.7.v20230425-1502\jre\bin;C:\WINDOWS\SYSTEM32;C:\WINDOWS\WinSxS\amd64_microsoft.windows.common-controls_6595b64144ccf1df_6.0.22621.5415_none_270d77d17387d7da;C:\Users\1000071558\Desktop\eclipse-java-2023-06-R-win32-x86_64\eclipse\plugins\org.eclipse.justj.openjdk.hotspot.jre.full.win32.x86_64_17.0.7.v20230425-1502\jre\bin\server

VM Arguments:
jvm_args: -javaagent:C:\Users\1000071558\Desktop\eclipse-java-2023-06-R-win32-x86_64\eclipse\configuration\org.eclipse.osgi\472\0\.cp\jacocoagent.jar=includes=*,excludes=,exclclassloader=sun.reflect.DelegatingClassLoader,output=tcpclient,port=64892 -Dfile.encoding=UTF-8 -XX:+ShowCodeDetailsInExceptionMessages 
java_command: com.scenarios.TestCase001_E2E_LoginToStationH
java_class_path (initial): C:\Users\1000071558\eclipse-workspace2\Framework\FrameWorkScenarios\target\test-classes;C:\Users\1000071558\eclipse-workspace2\Framework\FrameWorkScenarios\target\classes;C:\Users\1000071558\.m2\repository\junit\junit\3.8.1\junit-3.8.1.jar;C:\Users\1000071558\.m2\repository\org\apache\maven\plugins\maven-compiler-plugin\3.8.0\maven-compiler-plugin-3.8.0.jar;C:\Users\1000071558\.m2\repository\org\apache\maven\maven-plugin-api\3.0\maven-plugin-api-3.0.jar;C:\Users\1000071558\.m2\repository\org\apache\maven\maven-model\3.0\maven-model-3.0.jar;C:\Users\1000071558\.m2\repository\org\sonatype\sisu\sisu-inject-plexus\1.4.2\sisu-inject-plexus-1.4.2.jar;C:\Users\1000071558\.m2\repository\org\sonatype\sisu\sisu-inject-bean\1.4.2\sisu-inject-bean-1.4.2.jar;C:\Users\1000071558\.m2\repository\org\sonatype\sisu\sisu-guice\2.1.7\sisu-guice-2.1.7-noaop.jar;C:\Users\1000071558\.m2\repository\org\apache\maven\maven-artifact\3.0\maven-artifact-3.0.jar;C:\Users\1000071558\.m2\repository\org\apache\maven\maven-core\3.0\maven-core-3.0.jar;C:\Users\1000071558\.m2\repository\org\apache\maven\maven-settings\3.0\maven-settings-3.0.jar;C:\Users\1000071558\.m2\repository\org\apache\maven\maven-settings-builder\3.0\maven-settings-builder-3.0.jar;C:\Users\1000071558\.m2\repository\org\apache\maven\maven-repository-metadata\3.0\maven-repository-metadata-3.0.jar;C:\Users\1000071558\.m2\repository\org\apache\maven\maven-model-builder\3.0\maven-model-builder-3.0.jar;C:\Users\1000071558\.m2\repository\org\apache\maven\maven-aether-provider\3.0\maven-aether-provider-3.0.jar;C:\Users\1000071558\.m2\repository\org\sonatype\aether\aether-impl\1.7\aether-impl-1.7.jar;C:\Users\1000071558\.m2\repository\org\sonatype\aether\aether-spi\1.7\aether-spi-1.7.jar;C:\Users\1000071558\.m2\repository\org\sonatype\aether\aether-api\1.7\aether-api-1.7.jar;C:\Users\1000071558\.m2\repository\org\sonatype\aether\aether-util\1.7\aether-util-1.7.jar;C:\Users\1000071558\.m2\repository\org\codehau
Launcher Type: SUN_STANDARD

[Global flags]
     intx CICompilerCount                          = 4                                         {product} {ergonomic}
     uint ConcGCThreads                            = 2                                         {product} {ergonomic}
     uint G1ConcRefinementThreads                  = 8                                         {product} {ergonomic}
   size_t G1HeapRegionSize                         = 2097152                                   {product} {ergonomic}
    uintx GCDrainStackTargetSize                   = 64                                        {product} {ergonomic}
   size_t InitialHeapSize                          = 264241152                                 {product} {ergonomic}
   size_t MarkStackSize                            = 4194304                                   {product} {ergonomic}
   size_t MaxHeapSize                              = 4213178368                                {product} {ergonomic}
   size_t MaxNewSize                               = 2527068160                                {product} {ergonomic}
   size_t MinHeapDeltaBytes                        = 2097152                                   {product} {ergonomic}
   size_t MinHeapSize                              = 8388608                                   {product} {ergonomic}
    uintx NonNMethodCodeHeapSize                   = 5839372                                {pd product} {ergonomic}
    uintx NonProfiledCodeHeapSize                  = 122909434                              {pd product} {ergonomic}
    uintx ProfiledCodeHeapSize                     = 122909434                              {pd product} {ergonomic}
    uintx ReservedCodeCacheSize                    = 251658240                              {pd product} {ergonomic}
     bool SegmentedCodeCache                       = true                                      {product} {ergonomic}
     bool ShowCodeDetailsInExceptionMessages       = true                                   {manageable} {command line}
   size_t SoftMaxHeapSize                          = 4213178368                             {manageable} {ergonomic}
     bool UseCompressedClassPointers               = true                           {product lp64_product} {ergonomic}
     bool UseCompressedOops                        = true                           {product lp64_product} {ergonomic}
     bool UseG1GC                                  = true                                      {product} {ergonomic}
     bool UseLargePagesIndividualAllocation        = false                                  {pd product} {ergonomic}

Logging:
Log output configuration:
 #0: stdout all=warning uptime,level,tags
 #1: stderr all=off uptime,level,tags

Environment Variables:
JAVA_HOME=D:\openlogic-openjdk-8u362-b09-windows-x32\openlogic-openjdk-8u362-b09-windows-32
PATH=C:/Users/1000071558/Desktop/eclipse-java-2023-06-R-win32-x86_64/eclipse//plugins/org.eclipse.justj.openjdk.hotspot.jre.full.win32.x86_64_17.0.7.v20230425-1502/jre/bin/server;C:/Users/1000071558/Desktop/eclipse-java-2023-06-R-win32-x86_64/eclipse//plugins/org.eclipse.justj.openjdk.hotspot.jre.full.win32.x86_64_17.0.7.v20230425-1502/jre/bin;C:\Program Files\openlogic-openjdk-8u362-b09-windows-32\bin;C:\Program Files\Java\openlogic-openjdk-8u362-b09-windows-x32\openlogic-openjdk-8u362-b09-windows-32\bin;C:\WINDOWS\system32;C:\WINDOWS;C:\WINDOWS\System32\Wbem;C:\WINDOWS\System32\WindowsPowerShell\v1.0\;C:\WINDOWS\System32\OpenSSH\;C:\Program Files\Microsoft VS Code\bin;C:\Users\1000071558\AppData\Local\Microsoft\WindowsApps;C:\Users\1000071558\Desktop\eclipse-java-2023-06-R-win32-x86_64\eclipse;D:\openlogic-openjdk-8u362-b09-windows-x32\openlogic-openjdk-8u362-b09-windows-32\bin;;C:\Users\1000071558\Desktop\eclipse-java-2023-06-R-win32-x86_64\eclipse;
USERNAME=1000071558
OS=Windows_NT
PROCESSOR_IDENTIFIER=Intel64 Family 6 Model 140 Stepping 1, GenuineIntel
TMP=C:\Users\100007~1\AppData\Local\Temp
TEMP=C:\Users\100007~1\AppData\Local\Temp



---------------  S Y S T E M  ---------------

OS:
 Windows 11 , 64 bit Build 22621 (10.0.22621.5415)
OS uptime: 0 days 23:46 hours
Hyper-V role detected

CPU: total 8 (initial active 8) (4 cores per cpu, 2 threads per core) family 6 model 140 stepping 1 microcode 0xb6, cx8, cmov, fxsr, ht, mmx, 3dnowpref, sse, sse2, sse3, ssse3, sse4.1, sse4.2, popcnt, lzcnt, tsc, tscinvbit, avx, avx2, aes, erms, clmul, bmi1, bmi2, adx, avx512f, avx512dq, avx512cd, avx512bw, avx512vl, sha, fma, vzeroupper, avx512_vpopcntdq, avx512_vpclmulqdq, avx512_vaes, avx512_vnni, clflush, clflushopt, clwb, avx512_vbmi2, avx512_vbmi, hv

Memory: 4k page, system-wide physical 16064M (2870M free)
TotalPageFile size 18968M (AvailPageFile size 4M)
current process WorkingSet (physical memory assigned to process): 175M, peak: 175M
current process commit charge ("private bytes"): 424M, peak: 424M

vm_info: OpenJDK 64-Bit Server VM (17.0.7+7) for windows-amd64 JRE (17.0.7+7), built on Apr 18 2023 22:10:42 by "temurin" with MS VC++ 16.7 (VS2019)

END.
