#
# There is insufficient memory for the Java Runtime Environment to continue.
# Native memory allocation (malloc) failed to allocate 195552 bytes for Chunk::new
# Possible reasons:
#   The system is out of physical RAM or swap space
#   The process is running with CompressedOops enabled, and the Java Heap may be blocking the growth of the native heap
# Possible solutions:
#   Reduce memory load on the system
#   Increase physical memory or swap space
#   Check if swap backing store is full
#   Decrease Java heap size (-Xmx/-Xms)
#   Decrease number of Java threads
#   Decrease Java thread stack sizes (-Xss)
#   Set larger code cache with -XX:ReservedCodeCacheSize=
#   JVM is running with Zero Based Compressed Oops mode in which the Java heap is
#     placed in the first 32GB address space. The Java Heap base address is the
#     maximum limit for the native heap growth. Please use -XX:HeapBaseMinAddress
#     to set the Java Heap base and to place the Java Heap above 32GB virtual address.
# This output file may be truncated or incomplete.
#
#  Out of Memory Error (arena.cpp:189), pid=25764, tid=4444
#
# JRE version: OpenJDK Runtime Environment Temurin-17.0.7+7 (17.0.7+7) (build 17.0.7+7)
# Java VM: OpenJDK 64-Bit Server VM Temurin-17.0.7+7 (17.0.7+7, mixed mode, tiered, compressed oops, compressed class ptrs, g1 gc, windows-amd64)
# No core dump will be written. Minidumps are not enabled by default on client versions of Windows
#

---------------  S U M M A R Y ------------

Command Line: -Dfile.encoding=UTF-8 -XX:+ShowCodeDetailsInExceptionMessages com.scenarios.TC013_ValidateInfoSecAwarenessDetailsFromQualityPortal

Host: 11th Gen Intel(R) Core(TM) i5-1135G7 @ 2.40GHz, 8 cores, 15G,  Windows 11 , 64 bit Build 22621 (10.0.22621.5415)
Time: Tue Jul 15 10:15:59 2025 India Standard Time elapsed time: 1.565291 seconds (0d 0h 0m 1s)

---------------  T H R E A D  ---------------

Current thread (0x000001ecfa31b7f0):  JavaThread "C2 CompilerThread0" daemon [_thread_in_native, id=4444, stack(0x000000c9eca00000,0x000000c9ecb00000)]


Current CompileTask:
C2:   1566  385  s!   4       jdk.internal.loader.URLClassPath::getLoader (194 bytes)

Stack: [0x000000c9eca00000,0x000000c9ecb00000]
Native frames: (J=compiled Java code, j=interpreted, Vv=VM code, C=native code)
V  [jvm.dll+0x67754a]
V  [jvm.dll+0x834304]
V  [jvm.dll+0x835aae]
V  [jvm.dll+0x836113]
V  [jvm.dll+0x24696f]
V  [jvm.dll+0xac0ac]
V  [jvm.dll+0xac67c]
V  [jvm.dll+0x364e37]
V  [jvm.dll+0x32f6b1]
V  [jvm.dll+0x32eb5a]
V  [jvm.dll+0x219641]
V  [jvm.dll+0x218a61]
V  [jvm.dll+0x1a4d8d]
V  [jvm.dll+0x2284da]
V  [jvm.dll+0x226615]
V  [jvm.dll+0x7ea90b]
V  [jvm.dll+0x7e4e7a]
V  [jvm.dll+0x676395]
C  [ucrtbase.dll+0x29333]
C  [KERNEL32.DLL+0x1259d]
C  [ntdll.dll+0x5af78]


---------------  P R O C E S S  ---------------

Threads class SMR info:
_java_thread_list=0x000001ecfaeb1c80, length=13, elements={
0x000001ecdb0b8dd0, 0x000001ecfa2c1000, 0x000001ecfa2c1fc0, 0x000001ecfa308000,
0x000001ecfa308bb0, 0x000001ecfa309760, 0x000001ecfa310630, 0x000001ecfa31b7f0,
0x000001ecfa31c290, 0x000001ecfa31e380, 0x000001ecfa489e70, 0x000001ecfa49a170,
0x000001ecfacdbff0
}

Java Threads: ( => current thread )
  0x000001ecdb0b8dd0 JavaThread "main" [_thread_in_vm, id=20228, stack(0x000000c9ebd00000,0x000000c9ebe00000)]
  0x000001ecfa2c1000 JavaThread "Reference Handler" daemon [_thread_blocked, id=27268, stack(0x000000c9ec400000,0x000000c9ec500000)]
  0x000001ecfa2c1fc0 JavaThread "Finalizer" daemon [_thread_blocked, id=21476, stack(0x000000c9ec500000,0x000000c9ec600000)]
  0x000001ecfa308000 JavaThread "Signal Dispatcher" daemon [_thread_blocked, id=12020, stack(0x000000c9ec600000,0x000000c9ec700000)]
  0x000001ecfa308bb0 JavaThread "Attach Listener" daemon [_thread_blocked, id=19040, stack(0x000000c9ec700000,0x000000c9ec800000)]
  0x000001ecfa309760 JavaThread "Service Thread" daemon [_thread_blocked, id=9144, stack(0x000000c9ec800000,0x000000c9ec900000)]
  0x000001ecfa310630 JavaThread "Monitor Deflation Thread" daemon [_thread_blocked, id=33276, stack(0x000000c9ec900000,0x000000c9eca00000)]
=>0x000001ecfa31b7f0 JavaThread "C2 CompilerThread0" daemon [_thread_in_native, id=4444, stack(0x000000c9eca00000,0x000000c9ecb00000)]
  0x000001ecfa31c290 JavaThread "C1 CompilerThread0" daemon [_thread_blocked, id=29784, stack(0x000000c9ecb00000,0x000000c9ecc00000)]
  0x000001ecfa31e380 JavaThread "Sweeper thread" daemon [_thread_blocked, id=26564, stack(0x000000c9ecc00000,0x000000c9ecd00000)]
  0x000001ecfa489e70 JavaThread "Notification Thread" daemon [_thread_blocked, id=33072, stack(0x000000c9ecd00000,0x000000c9ece00000)]
  0x000001ecfa49a170 JavaThread "Common-Cleaner" daemon [_thread_blocked, id=31096, stack(0x000000c9ecf00000,0x000000c9ed000000)]
  0x000001ecfacdbff0 JavaThread "C2 CompilerThread1" daemon [_thread_in_native, id=31944, stack(0x000000c9ed000000,0x000000c9ed100000)]

Other Threads:
  0x000001ecfa2bd440 VMThread "VM Thread" [stack: 0x000000c9ec300000,0x000000c9ec400000] [id=22052]
  0x000001ecdb158c20 WatcherThread [stack: 0x000000c9ece00000,0x000000c9ecf00000] [id=22800]
  0x000001ecdb1280f0 GCTaskThread "GC Thread#0" [stack: 0x000000c9ebe00000,0x000000c9ebf00000] [id=5472]
  0x000001ecdb138b40 ConcurrentGCThread "G1 Main Marker" [stack: 0x000000c9ebf00000,0x000000c9ec000000] [id=26248]
  0x000001ecdb139550 ConcurrentGCThread "G1 Conc#0" [stack: 0x000000c9ec000000,0x000000c9ec100000] [id=2676]
  0x000001ecfa10fd40 ConcurrentGCThread "G1 Refine#0" [stack: 0x000000c9ec100000,0x000000c9ec200000] [id=32264]
  0x000001ecfa110760 ConcurrentGCThread "G1 Service" [stack: 0x000000c9ec200000,0x000000c9ec300000] [id=13288]

Threads with active compile tasks:
C2 CompilerThread0     1644  385  s!   4       jdk.internal.loader.URLClassPath::getLoader (194 bytes)
C1 CompilerThread0     1645  501       3       sun.nio.fs.WindowsPathParser::normalize (233 bytes)

VM state: not at safepoint (normal execution)

VM Mutex/Monitor currently owned by a thread: None

Heap address: 0x0000000704e00000, size: 4018 MB, Compressed Oops mode: Zero based, Oop shift amount: 3

CDS archive(s) not mapped
Compressed class space mapped at: 0x0000000800000000-0x0000000840000000, reserved size: 1073741824
Narrow klass base: 0x0000000800000000, Narrow klass shift: 0, Narrow klass range: 0x40000000

GC Precious Log:
 CPUs: 8 total, 8 available
 Memory: 16064M
 Large Page Support: Disabled
 NUMA Support: Disabled
 Compressed Oops: Enabled (Zero based)
 Heap Region Size: 2M
 Heap Min Capacity: 8M
 Heap Initial Capacity: 252M
 Heap Max Capacity: 4018M
 Pre-touch: Disabled
 Parallel Workers: 8
 Concurrent Workers: 2
 Concurrent Refinement Workers: 8
 Periodic GC: Disabled

Heap:
 garbage-first heap   total 258048K, used 8192K [0x0000000704e00000, 0x0000000800000000)
  region size 2048K, 5 young (10240K), 0 survivors (0K)
 Metaspace       used 7422K, committed 7552K, reserved 1114112K
  class space    used 614K, committed 704K, reserved 1048576K

Heap Regions: E=young(eden), S=young(survivor), O=old, HS=humongous(starts), HC=humongous(continues), CS=collection set, F=free, OA=open archive, CA=closed archive, TAMS=top-at-mark-start (previous, next)
|   0|0x0000000704e00000, 0x0000000704e00000, 0x0000000705000000|  0%| F|  |TAMS 0x0000000704e00000, 0x0000000704e00000| Untracked 
|   1|0x0000000705000000, 0x0000000705000000, 0x0000000705200000|  0%| F|  |TAMS 0x0000000705000000, 0x0000000705000000| Untracked 
|   2|0x0000000705200000, 0x0000000705200000, 0x0000000705400000|  0%| F|  |TAMS 0x0000000705200000, 0x0000000705200000| Untracked 
|   3|0x0000000705400000, 0x0000000705400000, 0x0000000705600000|  0%| F|  |TAMS 0x0000000705400000, 0x0000000705400000| Untracked 
|   4|0x0000000705600000, 0x0000000705600000, 0x0000000705800000|  0%| F|  |TAMS 0x0000000705600000, 0x0000000705600000| Untracked 
|   5|0x0000000705800000, 0x0000000705800000, 0x0000000705a00000|  0%| F|  |TAMS 0x0000000705800000, 0x0000000705800000| Untracked 
|   6|0x0000000705a00000, 0x0000000705a00000, 0x0000000705c00000|  0%| F|  |TAMS 0x0000000705a00000, 0x0000000705a00000| Untracked 
|   7|0x0000000705c00000, 0x0000000705c00000, 0x0000000705e00000|  0%| F|  |TAMS 0x0000000705c00000, 0x0000000705c00000| Untracked 
|   8|0x0000000705e00000, 0x0000000705e00000, 0x0000000706000000|  0%| F|  |TAMS 0x0000000705e00000, 0x0000000705e00000| Untracked 
|   9|0x0000000706000000, 0x0000000706000000, 0x0000000706200000|  0%| F|  |TAMS 0x0000000706000000, 0x0000000706000000| Untracked 
|  10|0x0000000706200000, 0x0000000706200000, 0x0000000706400000|  0%| F|  |TAMS 0x0000000706200000, 0x0000000706200000| Untracked 
|  11|0x0000000706400000, 0x0000000706400000, 0x0000000706600000|  0%| F|  |TAMS 0x0000000706400000, 0x0000000706400000| Untracked 
|  12|0x0000000706600000, 0x0000000706600000, 0x0000000706800000|  0%| F|  |TAMS 0x0000000706600000, 0x0000000706600000| Untracked 
|  13|0x0000000706800000, 0x0000000706800000, 0x0000000706a00000|  0%| F|  |TAMS 0x0000000706800000, 0x0000000706800000| Untracked 
|  14|0x0000000706a00000, 0x0000000706a00000, 0x0000000706c00000|  0%| F|  |TAMS 0x0000000706a00000, 0x0000000706a00000| Untracked 
|  15|0x0000000706c00000, 0x0000000706c00000, 0x0000000706e00000|  0%| F|  |TAMS 0x0000000706c00000, 0x0000000706c00000| Untracked 
|  16|0x0000000706e00000, 0x0000000706e00000, 0x0000000707000000|  0%| F|  |TAMS 0x0000000706e00000, 0x0000000706e00000| Untracked 
|  17|0x0000000707000000, 0x0000000707000000, 0x0000000707200000|  0%| F|  |TAMS 0x0000000707000000, 0x0000000707000000| Untracked 
|  18|0x0000000707200000, 0x0000000707200000, 0x0000000707400000|  0%| F|  |TAMS 0x0000000707200000, 0x0000000707200000| Untracked 
|  19|0x0000000707400000, 0x0000000707400000, 0x0000000707600000|  0%| F|  |TAMS 0x0000000707400000, 0x0000000707400000| Untracked 
|  20|0x0000000707600000, 0x0000000707600000, 0x0000000707800000|  0%| F|  |TAMS 0x0000000707600000, 0x0000000707600000| Untracked 
|  21|0x0000000707800000, 0x0000000707800000, 0x0000000707a00000|  0%| F|  |TAMS 0x0000000707800000, 0x0000000707800000| Untracked 
|  22|0x0000000707a00000, 0x0000000707a00000, 0x0000000707c00000|  0%| F|  |TAMS 0x0000000707a00000, 0x0000000707a00000| Untracked 
|  23|0x0000000707c00000, 0x0000000707c00000, 0x0000000707e00000|  0%| F|  |TAMS 0x0000000707c00000, 0x0000000707c00000| Untracked 
|  24|0x0000000707e00000, 0x0000000707e00000, 0x0000000708000000|  0%| F|  |TAMS 0x0000000707e00000, 0x0000000707e00000| Untracked 
|  25|0x0000000708000000, 0x0000000708000000, 0x0000000708200000|  0%| F|  |TAMS 0x0000000708000000, 0x0000000708000000| Untracked 
|  26|0x0000000708200000, 0x0000000708200000, 0x0000000708400000|  0%| F|  |TAMS 0x0000000708200000, 0x0000000708200000| Untracked 
|  27|0x0000000708400000, 0x0000000708400000, 0x0000000708600000|  0%| F|  |TAMS 0x0000000708400000, 0x0000000708400000| Untracked 
|  28|0x0000000708600000, 0x0000000708600000, 0x0000000708800000|  0%| F|  |TAMS 0x0000000708600000, 0x0000000708600000| Untracked 
|  29|0x0000000708800000, 0x0000000708800000, 0x0000000708a00000|  0%| F|  |TAMS 0x0000000708800000, 0x0000000708800000| Untracked 
|  30|0x0000000708a00000, 0x0000000708a00000, 0x0000000708c00000|  0%| F|  |TAMS 0x0000000708a00000, 0x0000000708a00000| Untracked 
|  31|0x0000000708c00000, 0x0000000708c00000, 0x0000000708e00000|  0%| F|  |TAMS 0x0000000708c00000, 0x0000000708c00000| Untracked 
|  32|0x0000000708e00000, 0x0000000708e00000, 0x0000000709000000|  0%| F|  |TAMS 0x0000000708e00000, 0x0000000708e00000| Untracked 
|  33|0x0000000709000000, 0x0000000709000000, 0x0000000709200000|  0%| F|  |TAMS 0x0000000709000000, 0x0000000709000000| Untracked 
|  34|0x0000000709200000, 0x0000000709200000, 0x0000000709400000|  0%| F|  |TAMS 0x0000000709200000, 0x0000000709200000| Untracked 
|  35|0x0000000709400000, 0x0000000709400000, 0x0000000709600000|  0%| F|  |TAMS 0x0000000709400000, 0x0000000709400000| Untracked 
|  36|0x0000000709600000, 0x0000000709600000, 0x0000000709800000|  0%| F|  |TAMS 0x0000000709600000, 0x0000000709600000| Untracked 
|  37|0x0000000709800000, 0x0000000709800000, 0x0000000709a00000|  0%| F|  |TAMS 0x0000000709800000, 0x0000000709800000| Untracked 
|  38|0x0000000709a00000, 0x0000000709a00000, 0x0000000709c00000|  0%| F|  |TAMS 0x0000000709a00000, 0x0000000709a00000| Untracked 
|  39|0x0000000709c00000, 0x0000000709c00000, 0x0000000709e00000|  0%| F|  |TAMS 0x0000000709c00000, 0x0000000709c00000| Untracked 
|  40|0x0000000709e00000, 0x0000000709e00000, 0x000000070a000000|  0%| F|  |TAMS 0x0000000709e00000, 0x0000000709e00000| Untracked 
|  41|0x000000070a000000, 0x000000070a000000, 0x000000070a200000|  0%| F|  |TAMS 0x000000070a000000, 0x000000070a000000| Untracked 
|  42|0x000000070a200000, 0x000000070a200000, 0x000000070a400000|  0%| F|  |TAMS 0x000000070a200000, 0x000000070a200000| Untracked 
|  43|0x000000070a400000, 0x000000070a400000, 0x000000070a600000|  0%| F|  |TAMS 0x000000070a400000, 0x000000070a400000| Untracked 
|  44|0x000000070a600000, 0x000000070a600000, 0x000000070a800000|  0%| F|  |TAMS 0x000000070a600000, 0x000000070a600000| Untracked 
|  45|0x000000070a800000, 0x000000070a800000, 0x000000070aa00000|  0%| F|  |TAMS 0x000000070a800000, 0x000000070a800000| Untracked 
|  46|0x000000070aa00000, 0x000000070aa00000, 0x000000070ac00000|  0%| F|  |TAMS 0x000000070aa00000, 0x000000070aa00000| Untracked 
|  47|0x000000070ac00000, 0x000000070ac00000, 0x000000070ae00000|  0%| F|  |TAMS 0x000000070ac00000, 0x000000070ac00000| Untracked 
|  48|0x000000070ae00000, 0x000000070ae00000, 0x000000070b000000|  0%| F|  |TAMS 0x000000070ae00000, 0x000000070ae00000| Untracked 
|  49|0x000000070b000000, 0x000000070b000000, 0x000000070b200000|  0%| F|  |TAMS 0x000000070b000000, 0x000000070b000000| Untracked 
|  50|0x000000070b200000, 0x000000070b200000, 0x000000070b400000|  0%| F|  |TAMS 0x000000070b200000, 0x000000070b200000| Untracked 
|  51|0x000000070b400000, 0x000000070b400000, 0x000000070b600000|  0%| F|  |TAMS 0x000000070b400000, 0x000000070b400000| Untracked 
|  52|0x000000070b600000, 0x000000070b600000, 0x000000070b800000|  0%| F|  |TAMS 0x000000070b600000, 0x000000070b600000| Untracked 
|  53|0x000000070b800000, 0x000000070b800000, 0x000000070ba00000|  0%| F|  |TAMS 0x000000070b800000, 0x000000070b800000| Untracked 
|  54|0x000000070ba00000, 0x000000070ba00000, 0x000000070bc00000|  0%| F|  |TAMS 0x000000070ba00000, 0x000000070ba00000| Untracked 
|  55|0x000000070bc00000, 0x000000070bc00000, 0x000000070be00000|  0%| F|  |TAMS 0x000000070bc00000, 0x000000070bc00000| Untracked 
|  56|0x000000070be00000, 0x000000070be00000, 0x000000070c000000|  0%| F|  |TAMS 0x000000070be00000, 0x000000070be00000| Untracked 
|  57|0x000000070c000000, 0x000000070c000000, 0x000000070c200000|  0%| F|  |TAMS 0x000000070c000000, 0x000000070c000000| Untracked 
|  58|0x000000070c200000, 0x000000070c200000, 0x000000070c400000|  0%| F|  |TAMS 0x000000070c200000, 0x000000070c200000| Untracked 
|  59|0x000000070c400000, 0x000000070c400000, 0x000000070c600000|  0%| F|  |TAMS 0x000000070c400000, 0x000000070c400000| Untracked 
|  60|0x000000070c600000, 0x000000070c600000, 0x000000070c800000|  0%| F|  |TAMS 0x000000070c600000, 0x000000070c600000| Untracked 
|  61|0x000000070c800000, 0x000000070c800000, 0x000000070ca00000|  0%| F|  |TAMS 0x000000070c800000, 0x000000070c800000| Untracked 
|  62|0x000000070ca00000, 0x000000070ca00000, 0x000000070cc00000|  0%| F|  |TAMS 0x000000070ca00000, 0x000000070ca00000| Untracked 
|  63|0x000000070cc00000, 0x000000070cc00000, 0x000000070ce00000|  0%| F|  |TAMS 0x000000070cc00000, 0x000000070cc00000| Untracked 
|  64|0x000000070ce00000, 0x000000070ce00000, 0x000000070d000000|  0%| F|  |TAMS 0x000000070ce00000, 0x000000070ce00000| Untracked 
|  65|0x000000070d000000, 0x000000070d000000, 0x000000070d200000|  0%| F|  |TAMS 0x000000070d000000, 0x000000070d000000| Untracked 
|  66|0x000000070d200000, 0x000000070d200000, 0x000000070d400000|  0%| F|  |TAMS 0x000000070d200000, 0x000000070d200000| Untracked 
|  67|0x000000070d400000, 0x000000070d400000, 0x000000070d600000|  0%| F|  |TAMS 0x000000070d400000, 0x000000070d400000| Untracked 
|  68|0x000000070d600000, 0x000000070d600000, 0x000000070d800000|  0%| F|  |TAMS 0x000000070d600000, 0x000000070d600000| Untracked 
|  69|0x000000070d800000, 0x000000070d800000, 0x000000070da00000|  0%| F|  |TAMS 0x000000070d800000, 0x000000070d800000| Untracked 
|  70|0x000000070da00000, 0x000000070da00000, 0x000000070dc00000|  0%| F|  |TAMS 0x000000070da00000, 0x000000070da00000| Untracked 
|  71|0x000000070dc00000, 0x000000070dc00000, 0x000000070de00000|  0%| F|  |TAMS 0x000000070dc00000, 0x000000070dc00000| Untracked 
|  72|0x000000070de00000, 0x000000070de00000, 0x000000070e000000|  0%| F|  |TAMS 0x000000070de00000, 0x000000070de00000| Untracked 
|  73|0x000000070e000000, 0x000000070e000000, 0x000000070e200000|  0%| F|  |TAMS 0x000000070e000000, 0x000000070e000000| Untracked 
|  74|0x000000070e200000, 0x000000070e200000, 0x000000070e400000|  0%| F|  |TAMS 0x000000070e200000, 0x000000070e200000| Untracked 
|  75|0x000000070e400000, 0x000000070e400000, 0x000000070e600000|  0%| F|  |TAMS 0x000000070e400000, 0x000000070e400000| Untracked 
|  76|0x000000070e600000, 0x000000070e600000, 0x000000070e800000|  0%| F|  |TAMS 0x000000070e600000, 0x000000070e600000| Untracked 
|  77|0x000000070e800000, 0x000000070e800000, 0x000000070ea00000|  0%| F|  |TAMS 0x000000070e800000, 0x000000070e800000| Untracked 
|  78|0x000000070ea00000, 0x000000070ea00000, 0x000000070ec00000|  0%| F|  |TAMS 0x000000070ea00000, 0x000000070ea00000| Untracked 
|  79|0x000000070ec00000, 0x000000070ec00000, 0x000000070ee00000|  0%| F|  |TAMS 0x000000070ec00000, 0x000000070ec00000| Untracked 
|  80|0x000000070ee00000, 0x000000070ee00000, 0x000000070f000000|  0%| F|  |TAMS 0x000000070ee00000, 0x000000070ee00000| Untracked 
|  81|0x000000070f000000, 0x000000070f000000, 0x000000070f200000|  0%| F|  |TAMS 0x000000070f000000, 0x000000070f000000| Untracked 
|  82|0x000000070f200000, 0x000000070f200000, 0x000000070f400000|  0%| F|  |TAMS 0x000000070f200000, 0x000000070f200000| Untracked 
|  83|0x000000070f400000, 0x000000070f400000, 0x000000070f600000|  0%| F|  |TAMS 0x000000070f400000, 0x000000070f400000| Untracked 
|  84|0x000000070f600000, 0x000000070f600000, 0x000000070f800000|  0%| F|  |TAMS 0x000000070f600000, 0x000000070f600000| Untracked 
|  85|0x000000070f800000, 0x000000070f800000, 0x000000070fa00000|  0%| F|  |TAMS 0x000000070f800000, 0x000000070f800000| Untracked 
|  86|0x000000070fa00000, 0x000000070fa00000, 0x000000070fc00000|  0%| F|  |TAMS 0x000000070fa00000, 0x000000070fa00000| Untracked 
|  87|0x000000070fc00000, 0x000000070fc00000, 0x000000070fe00000|  0%| F|  |TAMS 0x000000070fc00000, 0x000000070fc00000| Untracked 
|  88|0x000000070fe00000, 0x000000070fe00000, 0x0000000710000000|  0%| F|  |TAMS 0x000000070fe00000, 0x000000070fe00000| Untracked 
|  89|0x0000000710000000, 0x0000000710000000, 0x0000000710200000|  0%| F|  |TAMS 0x0000000710000000, 0x0000000710000000| Untracked 
|  90|0x0000000710200000, 0x0000000710200000, 0x0000000710400000|  0%| F|  |TAMS 0x0000000710200000, 0x0000000710200000| Untracked 
|  91|0x0000000710400000, 0x0000000710400000, 0x0000000710600000|  0%| F|  |TAMS 0x0000000710400000, 0x0000000710400000| Untracked 
|  92|0x0000000710600000, 0x0000000710600000, 0x0000000710800000|  0%| F|  |TAMS 0x0000000710600000, 0x0000000710600000| Untracked 
|  93|0x0000000710800000, 0x0000000710800000, 0x0000000710a00000|  0%| F|  |TAMS 0x0000000710800000, 0x0000000710800000| Untracked 
|  94|0x0000000710a00000, 0x0000000710a00000, 0x0000000710c00000|  0%| F|  |TAMS 0x0000000710a00000, 0x0000000710a00000| Untracked 
|  95|0x0000000710c00000, 0x0000000710c00000, 0x0000000710e00000|  0%| F|  |TAMS 0x0000000710c00000, 0x0000000710c00000| Untracked 
|  96|0x0000000710e00000, 0x0000000710e00000, 0x0000000711000000|  0%| F|  |TAMS 0x0000000710e00000, 0x0000000710e00000| Untracked 
|  97|0x0000000711000000, 0x0000000711000000, 0x0000000711200000|  0%| F|  |TAMS 0x0000000711000000, 0x0000000711000000| Untracked 
|  98|0x0000000711200000, 0x0000000711200000, 0x0000000711400000|  0%| F|  |TAMS 0x0000000711200000, 0x0000000711200000| Untracked 
|  99|0x0000000711400000, 0x0000000711400000, 0x0000000711600000|  0%| F|  |TAMS 0x0000000711400000, 0x0000000711400000| Untracked 
| 100|0x0000000711600000, 0x0000000711600000, 0x0000000711800000|  0%| F|  |TAMS 0x0000000711600000, 0x0000000711600000| Untracked 
| 101|0x0000000711800000, 0x0000000711800000, 0x0000000711a00000|  0%| F|  |TAMS 0x0000000711800000, 0x0000000711800000| Untracked 
| 102|0x0000000711a00000, 0x0000000711a00000, 0x0000000711c00000|  0%| F|  |TAMS 0x0000000711a00000, 0x0000000711a00000| Untracked 
| 103|0x0000000711c00000, 0x0000000711c00000, 0x0000000711e00000|  0%| F|  |TAMS 0x0000000711c00000, 0x0000000711c00000| Untracked 
| 104|0x0000000711e00000, 0x0000000711e00000, 0x0000000712000000|  0%| F|  |TAMS 0x0000000711e00000, 0x0000000711e00000| Untracked 
| 105|0x0000000712000000, 0x0000000712000000, 0x0000000712200000|  0%| F|  |TAMS 0x0000000712000000, 0x0000000712000000| Untracked 
| 106|0x0000000712200000, 0x0000000712200000, 0x0000000712400000|  0%| F|  |TAMS 0x0000000712200000, 0x0000000712200000| Untracked 
| 107|0x0000000712400000, 0x0000000712400000, 0x0000000712600000|  0%| F|  |TAMS 0x0000000712400000, 0x0000000712400000| Untracked 
| 108|0x0000000712600000, 0x0000000712600000, 0x0000000712800000|  0%| F|  |TAMS 0x0000000712600000, 0x0000000712600000| Untracked 
| 109|0x0000000712800000, 0x0000000712800000, 0x0000000712a00000|  0%| F|  |TAMS 0x0000000712800000, 0x0000000712800000| Untracked 
| 110|0x0000000712a00000, 0x0000000712a00000, 0x0000000712c00000|  0%| F|  |TAMS 0x0000000712a00000, 0x0000000712a00000| Untracked 
| 111|0x0000000712c00000, 0x0000000712c00000, 0x0000000712e00000|  0%| F|  |TAMS 0x0000000712c00000, 0x0000000712c00000| Untracked 
| 112|0x0000000712e00000, 0x0000000712e00000, 0x0000000713000000|  0%| F|  |TAMS 0x0000000712e00000, 0x0000000712e00000| Untracked 
| 113|0x0000000713000000, 0x0000000713000000, 0x0000000713200000|  0%| F|  |TAMS 0x0000000713000000, 0x0000000713000000| Untracked 
| 114|0x0000000713200000, 0x0000000713200000, 0x0000000713400000|  0%| F|  |TAMS 0x0000000713200000, 0x0000000713200000| Untracked 
| 115|0x0000000713400000, 0x0000000713400000, 0x0000000713600000|  0%| F|  |TAMS 0x0000000713400000, 0x0000000713400000| Untracked 
| 116|0x0000000713600000, 0x0000000713600000, 0x0000000713800000|  0%| F|  |TAMS 0x0000000713600000, 0x0000000713600000| Untracked 
| 117|0x0000000713800000, 0x0000000713800000, 0x0000000713a00000|  0%| F|  |TAMS 0x0000000713800000, 0x0000000713800000| Untracked 
| 118|0x0000000713a00000, 0x0000000713a00000, 0x0000000713c00000|  0%| F|  |TAMS 0x0000000713a00000, 0x0000000713a00000| Untracked 
| 119|0x0000000713c00000, 0x0000000713c00000, 0x0000000713e00000|  0%| F|  |TAMS 0x0000000713c00000, 0x0000000713c00000| Untracked 
| 120|0x0000000713e00000, 0x0000000713e00000, 0x0000000714000000|  0%| F|  |TAMS 0x0000000713e00000, 0x0000000713e00000| Untracked 
| 121|0x0000000714000000, 0x00000007141528b8, 0x0000000714200000| 66%| E|  |TAMS 0x0000000714000000, 0x0000000714000000| Complete 
| 122|0x0000000714200000, 0x0000000714400000, 0x0000000714400000|100%| E|CS|TAMS 0x0000000714200000, 0x0000000714200000| Complete 
| 123|0x0000000714400000, 0x0000000714600000, 0x0000000714600000|100%| E|CS|TAMS 0x0000000714400000, 0x0000000714400000| Complete 
| 124|0x0000000714600000, 0x0000000714800000, 0x0000000714800000|100%| E|CS|TAMS 0x0000000714600000, 0x0000000714600000| Complete 
| 125|0x0000000714800000, 0x0000000714a00000, 0x0000000714a00000|100%| E|CS|TAMS 0x0000000714800000, 0x0000000714800000| Complete 

Card table byte_map: [0x000001ecee9f0000,0x000001ecef1d0000] _byte_map_base: 0x000001eceb1c9000

Marking Bits (Prev, Next): (CMBitMap*) 0x000001ecdb128700, (CMBitMap*) 0x000001ecdb128740
 Prev Bits: [0x000001ecef9b0000, 0x000001ecf3878000)
 Next Bits: [0x000001ecf3880000, 0x000001ecf7748000)

Polling page: 0x000001ecd9820000

Metaspace:

Usage:
  Non-class:      6.74 MB used.
      Class:    624.52 KB used.
       Both:      7.35 MB used.

Virtual space:
  Non-class space:       64.00 MB reserved,       6.81 MB ( 11%) committed,  1 nodes.
      Class space:        1.00 GB reserved,     704.00 KB ( <1%) committed,  1 nodes.
             Both:        1.06 GB reserved,       7.50 MB ( <1%) committed. 

Chunk freelists:
   Non-Class:  8.90 MB
       Class:  15.21 MB
        Both:  24.10 MB

MaxMetaspaceSize: unlimited
CompressedClassSpaceSize: 1.00 GB
Initial GC threshold: 21.00 MB
Current GC threshold: 21.00 MB
CDS: off
MetaspaceReclaimPolicy: balanced
 - commit_granule_bytes: 65536.
 - commit_granule_words: 8192.
 - virtual_space_node_default_size: 8388608.
 - enlarge_chunks_in_place: 1.
 - new_chunks_are_fully_committed: 0.
 - uncommit_free_chunks: 1.
 - use_allocation_guard: 0.
 - handle_deallocations: 1.


Internal statistics:

num_allocs_failed_limit: 0.
num_arena_births: 28.
num_arena_deaths: 0.
num_vsnodes_births: 2.
num_vsnodes_deaths: 0.
num_space_committed: 120.
num_space_uncommitted: 0.
num_chunks_returned_to_freelist: 0.
num_chunks_taken_from_freelist: 62.
num_chunk_merges: 0.
num_chunk_splits: 43.
num_chunks_enlarged: 33.
num_inconsistent_stats: 0.

CodeHeap 'non-profiled nmethods': size=120000Kb used=194Kb max_used=194Kb free=119805Kb
 bounds [0x000001ece6280000, 0x000001ece64f0000, 0x000001eced7b0000]
CodeHeap 'profiled nmethods': size=120000Kb used=818Kb max_used=818Kb free=119181Kb
 bounds [0x000001ecde7b0000, 0x000001ecdea20000, 0x000001ece5ce0000]
CodeHeap 'non-nmethods': size=5760Kb used=1117Kb max_used=1131Kb free=4642Kb
 bounds [0x000001ece5ce0000, 0x000001ece5f50000, 0x000001ece6280000]
 total_blobs=889 nmethods=507 adapters=295
 compilation: enabled
              stopped_count=0, restarted_count=0
 full_count=0

Compilation events (20 events):
Event: 1.535 Thread 0x000001ecfa31c290 nmethod 402 0x000001ecde855810 code [0x000001ecde8559c0, 0x000001ecde855bf8]
Event: 1.535 Thread 0x000001ecfa31c290  403       1       java.lang.invoke.MemberName::getDeclaringClass (5 bytes)
Event: 1.535 Thread 0x000001ecfa31c290 nmethod 403 0x000001ece62a0410 code [0x000001ece62a05a0, 0x000001ece62a0678]
Event: 1.536 Thread 0x000001ecfa31c290  404       1       java.lang.invoke.MethodType::form (5 bytes)
Event: 1.536 Thread 0x000001ecfa31c290 nmethod 404 0x000001ece62a0710 code [0x000001ece62a08a0, 0x000001ece62a0978]
Event: 1.539 Thread 0x000001ecfacdbff0 nmethod 383 0x000001ece62a0a10 code [0x000001ece62a0c20, 0x000001ece62a18e0]
Event: 1.539 Thread 0x000001ecfacdbff0  393   !   4       java.util.jar.JarFile::checkForSpecialAttributes (163 bytes)
Event: 1.546 Thread 0x000001ecfa31c290  406       3       java.lang.invoke.MethodType::parameterType (7 bytes)
Event: 1.547 Thread 0x000001ecfa31c290 nmethod 406 0x000001ecde855c90 code [0x000001ecde855e20, 0x000001ecde855f58]
Event: 1.547 Thread 0x000001ecfa31c290  410       3       java.lang.invoke.MethodType::checkSlotCount (33 bytes)
Event: 1.548 Thread 0x000001ecfa31c290 nmethod 410 0x000001ecde856010 code [0x000001ecde856240, 0x000001ecde8568f8]
Event: 1.549 Thread 0x000001ecfa31c290  411       1       java.lang.invoke.MethodType$ConcurrentWeakInternSet$WeakEntry::hashCode (5 bytes)
Event: 1.549 Thread 0x000001ecfa31c290 nmethod 411 0x000001ece62a3010 code [0x000001ece62a31a0, 0x000001ece62a3278]
Event: 1.550 Thread 0x000001ecfa31c290  412       3       java.util.ArrayList::add (25 bytes)
Event: 1.550 Thread 0x000001ecfacdbff0 nmethod 393 0x000001ece62a3310 code [0x000001ece62a3540, 0x000001ece62a3c90]
Event: 1.551 Thread 0x000001ecfacdbff0  394   !   4       jdk.internal.loader.URLClassPath$JarLoader::ensureOpen (36 bytes)
Event: 1.551 Thread 0x000001ecfa31c290 nmethod 412 0x000001ecde856b90 code [0x000001ecde856d60, 0x000001ecde8571a8]
Event: 1.551 Thread 0x000001ecfa31c290  413       3       java.util.ArrayList::add (23 bytes)
Event: 1.551 Thread 0x000001ecfa31c290 nmethod 413 0x000001ecde857390 code [0x000001ecde857560, 0x000001ecde857928]
Event: 1.552 Thread 0x000001ecfa31c290  416       3       java.lang.invoke.MethodType::makeImpl (109 bytes)

GC Heap History (0 events):
No events

Dll operation events (5 events):
Event: 0.100 Loaded shared library C:\Users\1000071558\Desktop\eclipse-java-2023-06-R-win32-x86_64\eclipse\plugins\org.eclipse.justj.openjdk.hotspot.jre.full.win32.x86_64_17.0.7.v20230425-1502\jre\bin\java.dll
Event: 0.886 Loaded shared library C:\Users\1000071558\Desktop\eclipse-java-2023-06-R-win32-x86_64\eclipse\plugins\org.eclipse.justj.openjdk.hotspot.jre.full.win32.x86_64_17.0.7.v20230425-1502\jre\bin\net.dll
Event: 0.902 Loaded shared library C:\Users\1000071558\Desktop\eclipse-java-2023-06-R-win32-x86_64\eclipse\plugins\org.eclipse.justj.openjdk.hotspot.jre.full.win32.x86_64_17.0.7.v20230425-1502\jre\bin\nio.dll
Event: 0.926 Loaded shared library C:\Users\1000071558\Desktop\eclipse-java-2023-06-R-win32-x86_64\eclipse\plugins\org.eclipse.justj.openjdk.hotspot.jre.full.win32.x86_64_17.0.7.v20230425-1502\jre\bin\zip.dll
Event: 1.224 Loaded shared library C:\Users\1000071558\Desktop\eclipse-java-2023-06-R-win32-x86_64\eclipse\plugins\org.eclipse.justj.openjdk.hotspot.jre.full.win32.x86_64_17.0.7.v20230425-1502\jre\bin\verify.dll

Deoptimization events (20 events):
Event: 0.830 Thread 0x000001ecdb0b8dd0 DEOPT PACKING pc=0x000001ece62812f8 sp=0x000000c9ebdfef40
Event: 0.830 Thread 0x000001ecdb0b8dd0 DEOPT UNPACKING pc=0x000001ece5d3a1a3 sp=0x000000c9ebdfee80 mode 2
Event: 0.951 Thread 0x000001ecdb0b8dd0 DEOPT PACKING pc=0x000001ecde7b9867 sp=0x000000c9ebdfa010
Event: 0.951 Thread 0x000001ecdb0b8dd0 DEOPT UNPACKING pc=0x000001ece5d3ace3 sp=0x000000c9ebdf9430 mode 0
Event: 0.968 Thread 0x000001ecdb0b8dd0 DEOPT PACKING pc=0x000001ecde7b75d1 sp=0x000000c9ebdf9fd0
Event: 0.968 Thread 0x000001ecdb0b8dd0 DEOPT UNPACKING pc=0x000001ece5d3ace3 sp=0x000000c9ebdf9448 mode 0
Event: 1.103 Thread 0x000001ecdb0b8dd0 Uncommon trap: trap_request=0xffffff45 fr.pc=0x000001ece628b1b0 relative=0x00000000000003f0
Event: 1.103 Thread 0x000001ecdb0b8dd0 Uncommon trap: reason=unstable_if action=reinterpret pc=0x000001ece628b1b0 method=java.util.zip.ZipCoder$UTF8ZipCoder.checkedHash([BII)I @ 27 c2
Event: 1.103 Thread 0x000001ecdb0b8dd0 DEOPT PACKING pc=0x000001ece628b1b0 sp=0x000000c9ebdfa290
Event: 1.103 Thread 0x000001ecdb0b8dd0 DEOPT UNPACKING pc=0x000001ece5d3a1a3 sp=0x000000c9ebdfa178 mode 2
Event: 1.103 Thread 0x000001ecdb0b8dd0 Uncommon trap: trap_request=0xffffff45 fr.pc=0x000001ece628a040 relative=0x00000000000001c0
Event: 1.103 Thread 0x000001ecdb0b8dd0 Uncommon trap: reason=unstable_if action=reinterpret pc=0x000001ece628a040 method=java.lang.String.hashCode()I @ 20 c2
Event: 1.103 Thread 0x000001ecdb0b8dd0 DEOPT PACKING pc=0x000001ece628a040 sp=0x000000c9ebdfa100
Event: 1.103 Thread 0x000001ecdb0b8dd0 DEOPT UNPACKING pc=0x000001ece5d3a1a3 sp=0x000000c9ebdfa098 mode 2
Event: 1.103 Thread 0x000001ecdb0b8dd0 Uncommon trap: trap_request=0xffffff45 fr.pc=0x000001ece6285f28 relative=0x0000000000000208
Event: 1.103 Thread 0x000001ecdb0b8dd0 Uncommon trap: reason=unstable_if action=reinterpret pc=0x000001ece6285f28 method=java.util.zip.ZipCoder$UTF8ZipCoder.checkedHash([BII)I @ 27 c2
Event: 1.103 Thread 0x000001ecdb0b8dd0 DEOPT PACKING pc=0x000001ece6285f28 sp=0x000000c9ebdfa1e0
Event: 1.103 Thread 0x000001ecdb0b8dd0 DEOPT UNPACKING pc=0x000001ece5d3a1a3 sp=0x000000c9ebdfa178 mode 2
Event: 1.415 Thread 0x000001ecdb0b8dd0 DEOPT PACKING pc=0x000001ecde7bd165 sp=0x000000c9ebdfe020
Event: 1.415 Thread 0x000001ecdb0b8dd0 DEOPT UNPACKING pc=0x000001ece5d3ace3 sp=0x000000c9ebdfd498 mode 0

Classes unloaded (0 events):
No events

Classes redefined (0 events):
No events

Internal exceptions (0 events):
No events

VM Operations (2 events):
Event: 0.999 Executing VM operation: HandshakeAllThreads
Event: 0.999 Executing VM operation: HandshakeAllThreads done

Events (20 events):
Event: 1.548 loading class java/lang/invoke/ClassSpecializer done
Event: 1.548 loading class java/lang/invoke/BoundMethodHandle$Specializer done
Event: 1.548 loading class java/lang/invoke/ClassSpecializer$1
Event: 1.548 loading class java/lang/invoke/ClassSpecializer$1 done
Event: 1.548 loading class java/lang/invoke/BoundMethodHandle$SpeciesData
Event: 1.548 loading class java/lang/invoke/ClassSpecializer$SpeciesData
Event: 1.549 loading class java/lang/invoke/ClassSpecializer$SpeciesData done
Event: 1.549 loading class java/lang/invoke/BoundMethodHandle$SpeciesData done
Event: 1.549 loading class java/lang/invoke/BoundMethodHandle$Specializer$Factory
Event: 1.549 loading class java/lang/invoke/ClassSpecializer$Factory
Event: 1.550 loading class java/lang/invoke/ClassSpecializer$Factory done
Event: 1.550 loading class java/lang/invoke/BoundMethodHandle$Specializer$Factory done
Event: 1.551 loading class java/lang/NoSuchFieldException
Event: 1.551 loading class java/lang/NoSuchFieldException done
Event: 1.551 loading class java/lang/invoke/BoundMethodHandle$Species_L
Event: 1.551 loading class java/lang/invoke/BoundMethodHandle$Species_L done
Event: 1.551 loading class java/lang/invoke/DirectMethodHandle$2
Event: 1.552 loading class java/lang/invoke/DirectMethodHandle$2 done
Event: 1.552 loading class java/lang/invoke/DirectMethodHandle$Accessor
Event: 1.552 loading class java/lang/invoke/DirectMethodHandle$Accessor done


Dynamic libraries:
0x00007ff668d90000 - 0x00007ff668d9e000 	C:\Users\1000071558\Desktop\eclipse-java-2023-06-R-win32-x86_64\eclipse\plugins\org.eclipse.justj.openjdk.hotspot.jre.full.win32.x86_64_17.0.7.v20230425-1502\jre\bin\javaw.exe
0x00007fff4cd70000 - 0x00007fff4cf87000 	C:\WINDOWS\SYSTEM32\ntdll.dll
0x00007fff4b1b0000 - 0x00007fff4b274000 	C:\WINDOWS\System32\KERNEL32.DLL
0x00007fff4a280000 - 0x00007fff4a652000 	C:\WINDOWS\System32\KERNELBASE.dll
0x00007fff4a730000 - 0x00007fff4a841000 	C:\WINDOWS\System32\ucrtbase.dll
0x00007fff1ed10000 - 0x00007fff1ed27000 	C:\Users\1000071558\Desktop\eclipse-java-2023-06-R-win32-x86_64\eclipse\plugins\org.eclipse.justj.openjdk.hotspot.jre.full.win32.x86_64_17.0.7.v20230425-1502\jre\bin\jli.dll
0x00007fff1e4d0000 - 0x00007fff1e4e9000 	C:\Users\1000071558\Desktop\eclipse-java-2023-06-R-win32-x86_64\eclipse\plugins\org.eclipse.justj.openjdk.hotspot.jre.full.win32.x86_64_17.0.7.v20230425-1502\jre\bin\VCRUNTIME140.dll
0x00007fff4bfe0000 - 0x00007fff4c191000 	C:\WINDOWS\System32\USER32.dll
0x00007fff4a660000 - 0x00007fff4a686000 	C:\WINDOWS\System32\win32u.dll
0x00007fff2e330000 - 0x00007fff2e5cb000 	C:\WINDOWS\WinSxS\amd64_microsoft.windows.common-controls_6595b64144ccf1df_6.0.22621.5415_none_270d77d17387d7da\COMCTL32.dll
0x00007fff4b180000 - 0x00007fff4b1a9000 	C:\WINDOWS\System32\GDI32.dll
0x00007fff4c330000 - 0x00007fff4c3d7000 	C:\WINDOWS\System32\msvcrt.dll
0x00007fff4a850000 - 0x00007fff4a973000 	C:\WINDOWS\System32\gdi32full.dll
0x00007fff4a690000 - 0x00007fff4a72a000 	C:\WINDOWS\System32\msvcp_win.dll
0x00007fff4c860000 - 0x00007fff4c891000 	C:\WINDOWS\System32\IMM32.DLL
0x000001ecd9840000 - 0x000001ecd9856000 	C:\WINDOWS\System32\umppc19706.dll
0x00007fff2ac40000 - 0x00007fff2ac4c000 	C:\Users\1000071558\Desktop\eclipse-java-2023-06-R-win32-x86_64\eclipse\plugins\org.eclipse.justj.openjdk.hotspot.jre.full.win32.x86_64_17.0.7.v20230425-1502\jre\bin\vcruntime140_1.dll
0x00007fff1d580000 - 0x00007fff1d611000 	C:\Users\1000071558\Desktop\eclipse-java-2023-06-R-win32-x86_64\eclipse\plugins\org.eclipse.justj.openjdk.hotspot.jre.full.win32.x86_64_17.0.7.v20230425-1502\jre\bin\msvcp140.dll
0x00007ffee2cf0000 - 0x00007ffee3938000 	C:\Users\1000071558\Desktop\eclipse-java-2023-06-R-win32-x86_64\eclipse\plugins\org.eclipse.justj.openjdk.hotspot.jre.full.win32.x86_64_17.0.7.v20230425-1502\jre\bin\server\jvm.dll
0x00007fff4cba0000 - 0x00007fff4cc51000 	C:\WINDOWS\System32\ADVAPI32.dll
0x00007fff4c9c0000 - 0x00007fff4ca68000 	C:\WINDOWS\System32\sechost.dll
0x00007fff4a250000 - 0x00007fff4a278000 	C:\WINDOWS\System32\bcrypt.dll
0x00007fff4c8a0000 - 0x00007fff4c9b4000 	C:\WINDOWS\System32\RPCRT4.dll
0x00007fff29db0000 - 0x00007fff29db9000 	C:\WINDOWS\SYSTEM32\WSOCK32.dll
0x00007fff4c590000 - 0x00007fff4c601000 	C:\WINDOWS\System32\WS2_32.dll
0x00007fff3e350000 - 0x00007fff3e384000 	C:\WINDOWS\SYSTEM32\WINMM.dll
0x00007fff40400000 - 0x00007fff4040a000 	C:\WINDOWS\SYSTEM32\VERSION.dll
0x00007fff48d70000 - 0x00007fff48d88000 	C:\WINDOWS\SYSTEM32\kernel.appcore.dll
0x00007fff42160000 - 0x00007fff4216a000 	C:\Users\1000071558\Desktop\eclipse-java-2023-06-R-win32-x86_64\eclipse\plugins\org.eclipse.justj.openjdk.hotspot.jre.full.win32.x86_64_17.0.7.v20230425-1502\jre\bin\jimage.dll
0x00007fff477d0000 - 0x00007fff47a03000 	C:\WINDOWS\SYSTEM32\DBGHELP.DLL
0x00007fff4bc40000 - 0x00007fff4bfd3000 	C:\WINDOWS\System32\combase.dll
0x00007fff4cac0000 - 0x00007fff4cb97000 	C:\WINDOWS\System32\OLEAUT32.dll
0x00007fff2e2f0000 - 0x00007fff2e322000 	C:\WINDOWS\SYSTEM32\dbgcore.DLL
0x00007fff4a980000 - 0x00007fff4a9fb000 	C:\WINDOWS\System32\bcryptPrimitives.dll
0x00007fff28720000 - 0x00007fff28745000 	C:\Users\1000071558\Desktop\eclipse-java-2023-06-R-win32-x86_64\eclipse\plugins\org.eclipse.justj.openjdk.hotspot.jre.full.win32.x86_64_17.0.7.v20230425-1502\jre\bin\java.dll
0x00007fff28700000 - 0x00007fff28718000 	C:\Users\1000071558\Desktop\eclipse-java-2023-06-R-win32-x86_64\eclipse\plugins\org.eclipse.justj.openjdk.hotspot.jre.full.win32.x86_64_17.0.7.v20230425-1502\jre\bin\zip.dll
0x00007fff4b280000 - 0x00007fff4bb22000 	C:\WINDOWS\System32\SHELL32.dll
0x00007fff49fa0000 - 0x00007fff4a0df000 	C:\WINDOWS\System32\wintypes.dll
0x00007fff47a90000 - 0x00007fff483ae000 	C:\WINDOWS\SYSTEM32\windows.storage.dll
0x00007fff4bb30000 - 0x00007fff4bc3b000 	C:\WINDOWS\System32\SHCORE.dll
0x00007fff4cc60000 - 0x00007fff4ccc9000 	C:\WINDOWS\System32\shlwapi.dll
0x00007fff49d90000 - 0x00007fff49dbb000 	C:\WINDOWS\SYSTEM32\profapi.dll
0x00007fff28680000 - 0x00007fff28699000 	C:\Users\1000071558\Desktop\eclipse-java-2023-06-R-win32-x86_64\eclipse\plugins\org.eclipse.justj.openjdk.hotspot.jre.full.win32.x86_64_17.0.7.v20230425-1502\jre\bin\net.dll
0x00007fff48d90000 - 0x00007fff48ebc000 	C:\WINDOWS\SYSTEM32\WINHTTP.dll
0x00007fff49310000 - 0x00007fff49379000 	C:\WINDOWS\system32\mswsock.dll
0x00007fff285e0000 - 0x00007fff285f5000 	C:\Users\1000071558\Desktop\eclipse-java-2023-06-R-win32-x86_64\eclipse\plugins\org.eclipse.justj.openjdk.hotspot.jre.full.win32.x86_64_17.0.7.v20230425-1502\jre\bin\nio.dll
0x00007fff40410000 - 0x00007fff40420000 	C:\Users\1000071558\Desktop\eclipse-java-2023-06-R-win32-x86_64\eclipse\plugins\org.eclipse.justj.openjdk.hotspot.jre.full.win32.x86_64_17.0.7.v20230425-1502\jre\bin\verify.dll

dbghelp: loaded successfully - version: 4.0.5 - missing functions: none
symbol engine: initialized successfully - sym options: 0x614 - pdb path: .;C:\Users\1000071558\Desktop\eclipse-java-2023-06-R-win32-x86_64\eclipse\plugins\org.eclipse.justj.openjdk.hotspot.jre.full.win32.x86_64_17.0.7.v20230425-1502\jre\bin;C:\WINDOWS\SYSTEM32;C:\WINDOWS\WinSxS\amd64_microsoft.windows.common-controls_6595b64144ccf1df_6.0.22621.5415_none_270d77d17387d7da;C:\Users\1000071558\Desktop\eclipse-java-2023-06-R-win32-x86_64\eclipse\plugins\org.eclipse.justj.openjdk.hotspot.jre.full.win32.x86_64_17.0.7.v20230425-1502\jre\bin\server

VM Arguments:
jvm_args: -Dfile.encoding=UTF-8 -XX:+ShowCodeDetailsInExceptionMessages 
java_command: com.scenarios.TC013_ValidateInfoSecAwarenessDetailsFromQualityPortal
java_class_path (initial): C:\Users\1000071558\eclipse-workspace2\Framework\FrameWorkScenarios\target\test-classes;C:\Users\1000071558\eclipse-workspace2\Framework\FrameWorkScenarios\target\classes;C:\Users\1000071558\.m2\repository\junit\junit\3.8.1\junit-3.8.1.jar;C:\Users\1000071558\.m2\repository\org\apache\maven\plugins\maven-compiler-plugin\3.8.0\maven-compiler-plugin-3.8.0.jar;C:\Users\1000071558\.m2\repository\org\apache\maven\maven-plugin-api\3.0\maven-plugin-api-3.0.jar;C:\Users\1000071558\.m2\repository\org\apache\maven\maven-model\3.0\maven-model-3.0.jar;C:\Users\1000071558\.m2\repository\org\sonatype\sisu\sisu-inject-plexus\1.4.2\sisu-inject-plexus-1.4.2.jar;C:\Users\1000071558\.m2\repository\org\sonatype\sisu\sisu-inject-bean\1.4.2\sisu-inject-bean-1.4.2.jar;C:\Users\1000071558\.m2\repository\org\sonatype\sisu\sisu-guice\2.1.7\sisu-guice-2.1.7-noaop.jar;C:\Users\1000071558\.m2\repository\org\apache\maven\maven-artifact\3.0\maven-artifact-3.0.jar;C:\Users\1000071558\.m2\repository\org\apache\maven\maven-core\3.0\maven-core-3.0.jar;C:\Users\1000071558\.m2\repository\org\apache\maven\maven-settings\3.0\maven-settings-3.0.jar;C:\Users\1000071558\.m2\repository\org\apache\maven\maven-settings-builder\3.0\maven-settings-builder-3.0.jar;C:\Users\1000071558\.m2\repository\org\apache\maven\maven-repository-metadata\3.0\maven-repository-metadata-3.0.jar;C:\Users\1000071558\.m2\repository\org\apache\maven\maven-model-builder\3.0\maven-model-builder-3.0.jar;C:\Users\1000071558\.m2\repository\org\apache\maven\maven-aether-provider\3.0\maven-aether-provider-3.0.jar;C:\Users\1000071558\.m2\repository\org\sonatype\aether\aether-impl\1.7\aether-impl-1.7.jar;C:\Users\1000071558\.m2\repository\org\sonatype\aether\aether-spi\1.7\aether-spi-1.7.jar;C:\Users\1000071558\.m2\repository\org\sonatype\aether\aether-api\1.7\aether-api-1.7.jar;C:\Users\1000071558\.m2\repository\org\sonatype\aether\aether-util\1.7\aether-util-1.7.jar;C:\Users\1000071558\.m2\repository\org\codehau
Launcher Type: SUN_STANDARD

[Global flags]
     intx CICompilerCount                          = 4                                         {product} {ergonomic}
     uint ConcGCThreads                            = 2                                         {product} {ergonomic}
     uint G1ConcRefinementThreads                  = 8                                         {product} {ergonomic}
   size_t G1HeapRegionSize                         = 2097152                                   {product} {ergonomic}
    uintx GCDrainStackTargetSize                   = 64                                        {product} {ergonomic}
   size_t InitialHeapSize                          = 264241152                                 {product} {ergonomic}
   size_t MarkStackSize                            = 4194304                                   {product} {ergonomic}
   size_t MaxHeapSize                              = 4213178368                                {product} {ergonomic}
   size_t MaxNewSize                               = 2527068160                                {product} {ergonomic}
   size_t MinHeapDeltaBytes                        = 2097152                                   {product} {ergonomic}
   size_t MinHeapSize                              = 8388608                                   {product} {ergonomic}
    uintx NonNMethodCodeHeapSize                   = 5839372                                {pd product} {ergonomic}
    uintx NonProfiledCodeHeapSize                  = 122909434                              {pd product} {ergonomic}
    uintx ProfiledCodeHeapSize                     = 122909434                              {pd product} {ergonomic}
    uintx ReservedCodeCacheSize                    = 251658240                              {pd product} {ergonomic}
     bool SegmentedCodeCache                       = true                                      {product} {ergonomic}
     bool ShowCodeDetailsInExceptionMessages       = true                                   {manageable} {command line}
   size_t SoftMaxHeapSize                          = 4213178368                             {manageable} {ergonomic}
     bool UseCompressedClassPointers               = true                           {product lp64_product} {ergonomic}
     bool UseCompressedOops                        = true                           {product lp64_product} {ergonomic}
     bool UseG1GC                                  = true                                      {product} {ergonomic}
     bool UseLargePagesIndividualAllocation        = false                                  {pd product} {ergonomic}

Logging:
Log output configuration:
 #0: stdout all=warning uptime,level,tags
 #1: stderr all=off uptime,level,tags

Environment Variables:
JAVA_HOME=D:\openlogic-openjdk-8u362-b09-windows-x32\openlogic-openjdk-8u362-b09-windows-32
PATH=C:/Users/1000071558/Desktop/eclipse-java-2023-06-R-win32-x86_64/eclipse//plugins/org.eclipse.justj.openjdk.hotspot.jre.full.win32.x86_64_17.0.7.v20230425-1502/jre/bin/server;C:/Users/1000071558/Desktop/eclipse-java-2023-06-R-win32-x86_64/eclipse//plugins/org.eclipse.justj.openjdk.hotspot.jre.full.win32.x86_64_17.0.7.v20230425-1502/jre/bin;C:\Program Files\openlogic-openjdk-8u362-b09-windows-32\bin;C:\Program Files\Java\openlogic-openjdk-8u362-b09-windows-x32\openlogic-openjdk-8u362-b09-windows-32\bin;C:\WINDOWS\system32;C:\WINDOWS;C:\WINDOWS\System32\Wbem;C:\WINDOWS\System32\WindowsPowerShell\v1.0\;C:\WINDOWS\System32\OpenSSH\;C:\Program Files\Microsoft VS Code\bin;C:\Users\1000071558\AppData\Local\Microsoft\WindowsApps;C:\Users\1000071558\Desktop\eclipse-java-2023-06-R-win32-x86_64\eclipse;D:\openlogic-openjdk-8u362-b09-windows-x32\openlogic-openjdk-8u362-b09-windows-32\bin;;C:\Users\1000071558\Desktop\eclipse-java-2023-06-R-win32-x86_64\eclipse;
USERNAME=1000071558
OS=Windows_NT
PROCESSOR_IDENTIFIER=Intel64 Family 6 Model 140 Stepping 1, GenuineIntel
TMP=C:\Users\100007~1\AppData\Local\Temp
TEMP=C:\Users\100007~1\AppData\Local\Temp



---------------  S Y S T E M  ---------------

OS:
 Windows 11 , 64 bit Build 22621 (10.0.22621.5415)
OS uptime: 4 days 23:55 hours
Hyper-V role detected

CPU: total 8 (initial active 8) (4 cores per cpu, 2 threads per core) family 6 model 140 stepping 1 microcode 0xb6, cx8, cmov, fxsr, ht, mmx, 3dnowpref, sse, sse2, sse3, ssse3, sse4.1, sse4.2, popcnt, lzcnt, tsc, tscinvbit, avx, avx2, aes, erms, clmul, bmi1, bmi2, adx, avx512f, avx512dq, avx512cd, avx512bw, avx512vl, sha, fma, vzeroupper, avx512_vpopcntdq, avx512_vpclmulqdq, avx512_vaes, avx512_vnni, clflush, clflushopt, clwb, avx512_vbmi2, avx512_vbmi, hv

Memory: 4k page, system-wide physical 16064M (1689M free)
TotalPageFile size 18968M (AvailPageFile size 4M)
current process WorkingSet (physical memory assigned to process): 56M, peak: 56M
current process commit charge ("private bytes"): 348M, peak: 348M

vm_info: OpenJDK 64-Bit Server VM (17.0.7+7) for windows-amd64 JRE (17.0.7+7), built on Apr 18 2023 22:10:42 by "temurin" with MS VC++ 16.7 (VS2019)

END.
